mode: atomic
github.com/razorpay/razorpay-mcp-server/pkg/contextkey/context_key.go:16.74,18.2 1 0
github.com/razorpay/razorpay-mcp-server/pkg/contextkey/context_key.go:22.57,24.2 1 0
github.com/razorpay/razorpay-mcp-server/cmd/razorpay-mcp-server/main.go:27.16,29.16 2 0
github.com/razorpay/razorpay-mcp-server/cmd/razorpay-mcp-server/main.go:29.16,31.3 1 0
github.com/razorpay/razorpay-mcp-server/cmd/razorpay-mcp-server/main.go:34.13,60.2 15 0
github.com/razorpay/razorpay-mcp-server/cmd/razorpay-mcp-server/main.go:63.19,64.19 1 0
github.com/razorpay/razorpay-mcp-server/cmd/razorpay-mcp-server/main.go:64.19,66.3 1 0
github.com/razorpay/razorpay-mcp-server/cmd/razorpay-mcp-server/main.go:66.8,73.3 5 0
github.com/razorpay/razorpay-mcp-server/cmd/razorpay-mcp-server/main.go:75.2,77.45 2 0
github.com/razorpay/razorpay-mcp-server/cmd/razorpay-mcp-server/main.go:77.45,79.3 1 0
github.com/razorpay/razorpay-mcp-server/cmd/razorpay-mcp-server/main.go:82.13,83.42 1 0
github.com/razorpay/razorpay-mcp-server/cmd/razorpay-mcp-server/main.go:83.42,85.3 1 0
github.com/razorpay/razorpay-mcp-server/cmd/razorpay-mcp-server/stdio.go:28.47,57.17 12 0
github.com/razorpay/razorpay-mcp-server/cmd/razorpay-mcp-server/stdio.go:57.17,61.4 2 0
github.com/razorpay/razorpay-mcp-server/cmd/razorpay-mcp-server/stdio.go:71.9,80.16 4 0
github.com/razorpay/razorpay-mcp-server/cmd/razorpay-mcp-server/stdio.go:80.16,82.3 1 0
github.com/razorpay/razorpay-mcp-server/cmd/razorpay-mcp-server/stdio.go:84.2,85.16 2 0
github.com/razorpay/razorpay-mcp-server/cmd/razorpay-mcp-server/stdio.go:85.16,87.3 1 0
github.com/razorpay/razorpay-mcp-server/cmd/razorpay-mcp-server/stdio.go:89.2,91.12 3 0
github.com/razorpay/razorpay-mcp-server/cmd/razorpay-mcp-server/stdio.go:91.12,94.3 2 0
github.com/razorpay/razorpay-mcp-server/cmd/razorpay-mcp-server/stdio.go:96.2,102.9 2 0
github.com/razorpay/razorpay-mcp-server/cmd/razorpay-mcp-server/stdio.go:103.20,105.13 2 0
github.com/razorpay/razorpay-mcp-server/cmd/razorpay-mcp-server/stdio.go:106.21,107.17 1 0
github.com/razorpay/razorpay-mcp-server/cmd/razorpay-mcp-server/stdio.go:107.17,110.4 2 0
github.com/razorpay/razorpay-mcp-server/cmd/razorpay-mcp-server/stdio.go:111.3,111.13 1 0
github.com/razorpay/razorpay-mcp-server/pkg/mcpgo/server.go:19.78,26.27 2 0
github.com/razorpay/razorpay-mcp-server/pkg/mcpgo/server.go:26.27,28.3 1 0
github.com/razorpay/razorpay-mcp-server/pkg/mcpgo/server.go:31.2,41.3 2 0
github.com/razorpay/razorpay-mcp-server/pkg/mcpgo/server.go:56.69,57.49 1 0
github.com/razorpay/razorpay-mcp-server/pkg/mcpgo/server.go:57.49,59.3 1 0
github.com/razorpay/razorpay-mcp-server/pkg/mcpgo/server.go:60.2,60.12 1 0
github.com/razorpay/razorpay-mcp-server/pkg/mcpgo/server.go:64.49,67.29 2 0
github.com/razorpay/razorpay-mcp-server/pkg/mcpgo/server.go:67.29,69.3 1 0
github.com/razorpay/razorpay-mcp-server/pkg/mcpgo/server.go:70.2,70.35 1 0
github.com/razorpay/razorpay-mcp-server/pkg/mcpgo/server.go:82.33,83.36 1 0
github.com/razorpay/razorpay-mcp-server/pkg/mcpgo/server.go:83.36,85.3 1 0
github.com/razorpay/razorpay-mcp-server/pkg/mcpgo/server.go:88.50,89.36 1 0
github.com/razorpay/razorpay-mcp-server/pkg/mcpgo/server.go:89.36,91.3 1 0
github.com/razorpay/razorpay-mcp-server/pkg/mcpgo/server.go:96.61,97.36 1 0
github.com/razorpay/razorpay-mcp-server/pkg/mcpgo/server.go:97.36,99.3 1 0
github.com/razorpay/razorpay-mcp-server/pkg/mcpgo/server.go:103.54,104.36 1 0
github.com/razorpay/razorpay-mcp-server/pkg/mcpgo/server.go:104.36,106.3 1 0
github.com/razorpay/razorpay-mcp-server/pkg/mcpgo/server.go:110.65,113.16 2 0
github.com/razorpay/razorpay-mcp-server/pkg/mcpgo/server.go:113.16,118.3 1 0
github.com/razorpay/razorpay-mcp-server/pkg/mcpgo/server.go:120.2,121.28 1 0
github.com/razorpay/razorpay-mcp-server/pkg/mcpgo/server.go:121.28,123.36 2 0
github.com/razorpay/razorpay-mcp-server/pkg/mcpgo/server.go:123.36,124.50 1 0
github.com/razorpay/razorpay-mcp-server/pkg/mcpgo/server.go:124.50,126.34 2 0
github.com/razorpay/razorpay-mcp-server/pkg/mcpgo/server.go:126.34,128.6 1 0
github.com/razorpay/razorpay-mcp-server/pkg/mcpgo/server.go:130.5,132.6 1 0
github.com/razorpay/razorpay-mcp-server/pkg/mcpgo/server.go:136.3,139.24 1 0
github.com/razorpay/razorpay-mcp-server/pkg/mcpgo/server.go:142.2,143.27 1 0
github.com/razorpay/razorpay-mcp-server/pkg/mcpgo/server.go:143.27,149.3 1 0
github.com/razorpay/razorpay-mcp-server/pkg/mcpgo/server.go:151.2,152.33 1 0
github.com/razorpay/razorpay-mcp-server/pkg/mcpgo/server.go:152.33,156.3 1 0
github.com/razorpay/razorpay-mcp-server/pkg/mcpgo/server.go:158.2,159.61 1 0
github.com/razorpay/razorpay-mcp-server/pkg/mcpgo/server.go:159.61,164.3 1 0
github.com/razorpay/razorpay-mcp-server/pkg/mcpgo/server.go:166.2,166.14 1 0
github.com/razorpay/razorpay-mcp-server/pkg/mcpgo/stdio.go:19.68,21.9 2 0
github.com/razorpay/razorpay-mcp-server/pkg/mcpgo/stdio.go:21.9,24.3 1 0
github.com/razorpay/razorpay-mcp-server/pkg/mcpgo/stdio.go:26.2,28.8 1 0
github.com/razorpay/razorpay-mcp-server/pkg/mcpgo/stdio.go:39.58,41.2 1 0
github.com/razorpay/razorpay-mcp-server/pkg/mcpgo/tool.go:44.40,45.45 1 0
github.com/razorpay/razorpay-mcp-server/pkg/mcpgo/tool.go:45.45,47.10 2 0
github.com/razorpay/razorpay-mcp-server/pkg/mcpgo/tool.go:47.10,49.4 1 0
github.com/razorpay/razorpay-mcp-server/pkg/mcpgo/tool.go:51.3,51.19 1 0
github.com/razorpay/razorpay-mcp-server/pkg/mcpgo/tool.go:52.28,53.29 1 0
github.com/razorpay/razorpay-mcp-server/pkg/mcpgo/tool.go:54.17,55.36 1 0
github.com/razorpay/razorpay-mcp-server/pkg/mcpgo/tool.go:56.16,57.35 1 0
github.com/razorpay/razorpay-mcp-server/pkg/mcpgo/tool.go:64.40,65.45 1 0
github.com/razorpay/razorpay-mcp-server/pkg/mcpgo/tool.go:65.45,67.10 2 0
github.com/razorpay/razorpay-mcp-server/pkg/mcpgo/tool.go:67.10,69.4 1 0
github.com/razorpay/razorpay-mcp-server/pkg/mcpgo/tool.go:71.3,71.19 1 0
github.com/razorpay/razorpay-mcp-server/pkg/mcpgo/tool.go:72.28,73.29 1 0
github.com/razorpay/razorpay-mcp-server/pkg/mcpgo/tool.go:74.17,75.36 1 0
github.com/razorpay/razorpay-mcp-server/pkg/mcpgo/tool.go:76.16,77.35 1 0
github.com/razorpay/razorpay-mcp-server/pkg/mcpgo/tool.go:83.45,84.45 1 0
github.com/razorpay/razorpay-mcp-server/pkg/mcpgo/tool.go:84.45,86.34 2 0
github.com/razorpay/razorpay-mcp-server/pkg/mcpgo/tool.go:86.34,88.4 1 0
github.com/razorpay/razorpay-mcp-server/pkg/mcpgo/tool.go:89.3,89.30 1 0
github.com/razorpay/razorpay-mcp-server/pkg/mcpgo/tool.go:94.49,95.45 1 0
github.com/razorpay/razorpay-mcp-server/pkg/mcpgo/tool.go:95.45,97.3 1 0
github.com/razorpay/razorpay-mcp-server/pkg/mcpgo/tool.go:101.53,102.45 1 0
github.com/razorpay/razorpay-mcp-server/pkg/mcpgo/tool.go:102.45,104.3 1 0
github.com/razorpay/razorpay-mcp-server/pkg/mcpgo/tool.go:108.44,109.45 1 0
github.com/razorpay/razorpay-mcp-server/pkg/mcpgo/tool.go:109.45,111.34 2 0
github.com/razorpay/razorpay-mcp-server/pkg/mcpgo/tool.go:111.34,113.4 1 0
github.com/razorpay/razorpay-mcp-server/pkg/mcpgo/tool.go:114.3,114.32 1 0
github.com/razorpay/razorpay-mcp-server/pkg/mcpgo/tool.go:119.44,120.45 1 0
github.com/razorpay/razorpay-mcp-server/pkg/mcpgo/tool.go:120.45,122.34 2 0
github.com/razorpay/razorpay-mcp-server/pkg/mcpgo/tool.go:122.34,124.4 1 0
github.com/razorpay/razorpay-mcp-server/pkg/mcpgo/tool.go:125.3,125.32 1 0
github.com/razorpay/razorpay-mcp-server/pkg/mcpgo/tool.go:132.32,133.45 1 0
github.com/razorpay/razorpay-mcp-server/pkg/mcpgo/tool.go:133.45,135.3 1 0
github.com/razorpay/razorpay-mcp-server/pkg/mcpgo/tool.go:141.46,142.45 1 0
github.com/razorpay/razorpay-mcp-server/pkg/mcpgo/tool.go:142.45,144.3 1 0
github.com/razorpay/razorpay-mcp-server/pkg/mcpgo/tool.go:155.70,156.27 1 0
github.com/razorpay/razorpay-mcp-server/pkg/mcpgo/tool.go:156.27,158.3 1 0
github.com/razorpay/razorpay-mcp-server/pkg/mcpgo/tool.go:162.68,169.2 3 0
github.com/razorpay/razorpay-mcp-server/pkg/mcpgo/tool.go:172.68,179.2 3 0
github.com/razorpay/razorpay-mcp-server/pkg/mcpgo/tool.go:182.69,189.2 3 0
github.com/razorpay/razorpay-mcp-server/pkg/mcpgo/tool.go:192.68,199.2 3 0
github.com/razorpay/razorpay-mcp-server/pkg/mcpgo/tool.go:202.67,209.2 3 0
github.com/razorpay/razorpay-mcp-server/pkg/mcpgo/tool.go:225.42,232.2 1 0
github.com/razorpay/razorpay-mcp-server/pkg/mcpgo/tool.go:237.54,239.48 1 0
github.com/razorpay/razorpay-mcp-server/pkg/mcpgo/tool.go:239.48,241.3 1 0
github.com/razorpay/razorpay-mcp-server/pkg/mcpgo/tool.go:244.2,244.48 1 0
github.com/razorpay/razorpay-mcp-server/pkg/mcpgo/tool.go:244.48,246.3 1 0
github.com/razorpay/razorpay-mcp-server/pkg/mcpgo/tool.go:248.2,248.17 1 0
github.com/razorpay/razorpay-mcp-server/pkg/mcpgo/tool.go:254.54,256.52 1 0
github.com/razorpay/razorpay-mcp-server/pkg/mcpgo/tool.go:256.52,258.3 1 0
github.com/razorpay/razorpay-mcp-server/pkg/mcpgo/tool.go:261.2,261.52 1 0
github.com/razorpay/razorpay-mcp-server/pkg/mcpgo/tool.go:261.52,263.3 1 0
github.com/razorpay/razorpay-mcp-server/pkg/mcpgo/tool.go:266.2,266.51 1 0
github.com/razorpay/razorpay-mcp-server/pkg/mcpgo/tool.go:266.51,268.3 1 0
github.com/razorpay/razorpay-mcp-server/pkg/mcpgo/tool.go:270.2,270.17 1 0
github.com/razorpay/razorpay-mcp-server/pkg/mcpgo/tool.go:276.49,277.36 1 0
github.com/razorpay/razorpay-mcp-server/pkg/mcpgo/tool.go:278.14,279.54 1 0
github.com/razorpay/razorpay-mcp-server/pkg/mcpgo/tool.go:280.15,281.54 1 0
github.com/razorpay/razorpay-mcp-server/pkg/mcpgo/tool.go:282.12,283.52 1 0
github.com/razorpay/razorpay-mcp-server/pkg/mcpgo/tool.go:285.2,285.17 1 0
github.com/razorpay/razorpay-mcp-server/pkg/mcpgo/tool.go:291.47,293.9 2 0
github.com/razorpay/razorpay-mcp-server/pkg/mcpgo/tool.go:293.9,295.3 1 0
github.com/razorpay/razorpay-mcp-server/pkg/mcpgo/tool.go:298.2,299.28 2 0
github.com/razorpay/razorpay-mcp-server/pkg/mcpgo/tool.go:299.28,300.33 1 0
github.com/razorpay/razorpay-mcp-server/pkg/mcpgo/tool.go:300.33,302.4 1 0
github.com/razorpay/razorpay-mcp-server/pkg/mcpgo/tool.go:305.2,305.24 1 0
github.com/razorpay/razorpay-mcp-server/pkg/mcpgo/tool.go:305.24,307.3 1 0
github.com/razorpay/razorpay-mcp-server/pkg/mcpgo/tool.go:309.2,309.17 1 0
github.com/razorpay/razorpay-mcp-server/pkg/mcpgo/tool.go:315.54,317.55 1 0
github.com/razorpay/razorpay-mcp-server/pkg/mcpgo/tool.go:317.55,319.3 1 0
github.com/razorpay/razorpay-mcp-server/pkg/mcpgo/tool.go:322.2,322.55 1 0
github.com/razorpay/razorpay-mcp-server/pkg/mcpgo/tool.go:322.55,324.3 1 0
github.com/razorpay/razorpay-mcp-server/pkg/mcpgo/tool.go:326.2,326.17 1 0
github.com/razorpay/razorpay-mcp-server/pkg/mcpgo/tool.go:332.54,334.50 1 0
github.com/razorpay/razorpay-mcp-server/pkg/mcpgo/tool.go:334.50,336.3 1 0
github.com/razorpay/razorpay-mcp-server/pkg/mcpgo/tool.go:339.2,339.50 1 0
github.com/razorpay/razorpay-mcp-server/pkg/mcpgo/tool.go:339.50,341.3 1 0
github.com/razorpay/razorpay-mcp-server/pkg/mcpgo/tool.go:343.2,343.17 1 0
github.com/razorpay/razorpay-mcp-server/pkg/mcpgo/tool.go:348.54,352.80 2 0
github.com/razorpay/razorpay-mcp-server/pkg/mcpgo/tool.go:352.80,354.3 1 0
github.com/razorpay/razorpay-mcp-server/pkg/mcpgo/tool.go:357.2,357.63 1 0
github.com/razorpay/razorpay-mcp-server/pkg/mcpgo/tool.go:357.63,359.3 1 0
github.com/razorpay/razorpay-mcp-server/pkg/mcpgo/tool.go:362.2,362.27 1 0
github.com/razorpay/razorpay-mcp-server/pkg/mcpgo/tool.go:362.27,363.59 1 0
github.com/razorpay/razorpay-mcp-server/pkg/mcpgo/tool.go:363.59,364.12 1 0
github.com/razorpay/razorpay-mcp-server/pkg/mcpgo/tool.go:368.3,368.12 1 0
github.com/razorpay/razorpay-mcp-server/pkg/mcpgo/tool.go:369.29,370.57 1 0
github.com/razorpay/razorpay-mcp-server/pkg/mcpgo/tool.go:371.44,372.57 1 0
github.com/razorpay/razorpay-mcp-server/pkg/mcpgo/tool.go:373.18,374.50 1 0
github.com/razorpay/razorpay-mcp-server/pkg/mcpgo/tool.go:375.15,376.42 1 0
github.com/razorpay/razorpay-mcp-server/pkg/mcpgo/tool.go:377.41,378.57 1 0
github.com/razorpay/razorpay-mcp-server/pkg/mcpgo/tool.go:379.31,380.56 1 0
github.com/razorpay/razorpay-mcp-server/pkg/mcpgo/tool.go:384.2,384.17 1 0
github.com/razorpay/razorpay-mcp-server/pkg/mcpgo/tool.go:388.54,390.2 1 0
github.com/razorpay/razorpay-mcp-server/pkg/mcpgo/tool.go:393.65,401.37 3 0
github.com/razorpay/razorpay-mcp-server/pkg/mcpgo/tool.go:401.37,407.10 3 0
github.com/razorpay/razorpay-mcp-server/pkg/mcpgo/tool.go:407.10,410.4 1 0
github.com/razorpay/razorpay-mcp-server/pkg/mcpgo/tool.go:413.3,413.21 1 0
github.com/razorpay/razorpay-mcp-server/pkg/mcpgo/tool.go:414.17,415.72 1 0
github.com/razorpay/razorpay-mcp-server/pkg/mcpgo/tool.go:416.28,417.72 1 0
github.com/razorpay/razorpay-mcp-server/pkg/mcpgo/tool.go:418.18,419.73 1 0
github.com/razorpay/razorpay-mcp-server/pkg/mcpgo/tool.go:420.17,421.72 1 0
github.com/razorpay/razorpay-mcp-server/pkg/mcpgo/tool.go:422.16,423.71 1 0
github.com/razorpay/razorpay-mcp-server/pkg/mcpgo/tool.go:424.11,426.72 1 0
github.com/razorpay/razorpay-mcp-server/pkg/mcpgo/tool.go:431.2,437.33 2 0
github.com/razorpay/razorpay-mcp-server/pkg/mcpgo/tool.go:437.33,446.17 3 0
github.com/razorpay/razorpay-mcp-server/pkg/mcpgo/tool.go:446.17,448.4 1 0
github.com/razorpay/razorpay-mcp-server/pkg/mcpgo/tool.go:451.3,452.21 2 0
github.com/razorpay/razorpay-mcp-server/pkg/mcpgo/tool.go:452.21,454.4 1 0
github.com/razorpay/razorpay-mcp-server/pkg/mcpgo/tool.go:454.9,456.4 1 0
github.com/razorpay/razorpay-mcp-server/pkg/mcpgo/tool.go:458.3,458.24 1 0
github.com/razorpay/razorpay-mcp-server/pkg/mcpgo/tool.go:461.2,464.3 1 0
github.com/razorpay/razorpay-mcp-server/pkg/mcpgo/tool.go:468.63,470.16 2 0
github.com/razorpay/razorpay-mcp-server/pkg/mcpgo/tool.go:470.16,472.3 1 0
github.com/razorpay/razorpay-mcp-server/pkg/mcpgo/tool.go:474.2,478.8 1 0
github.com/razorpay/razorpay-mcp-server/pkg/mcpgo/tool.go:482.49,488.2 1 0
github.com/razorpay/razorpay-mcp-server/pkg/mcpgo/tool.go:491.50,497.2 1 0
github.com/razorpay/razorpay-mcp-server/pkg/observability/observability.go:19.41,22.27 2 0
github.com/razorpay/razorpay-mcp-server/pkg/observability/observability.go:22.27,24.3 1 0
github.com/razorpay/razorpay-mcp-server/pkg/observability/observability.go:25.2,25.22 1 0
github.com/razorpay/razorpay-mcp-server/pkg/observability/observability.go:29.46,30.38 1 0
github.com/razorpay/razorpay-mcp-server/pkg/observability/observability.go:30.38,32.3 1 0
github.com/razorpay/razorpay-mcp-server/pkg/toolsets/toolsets.go:27.59,34.2 1 0
github.com/razorpay/razorpay-mcp-server/pkg/toolsets/toolsets.go:37.51,43.2 1 0
github.com/razorpay/razorpay-mcp-server/pkg/toolsets/toolsets.go:46.63,47.17 1 0
github.com/razorpay/razorpay-mcp-server/pkg/toolsets/toolsets.go:47.17,49.3 1 0
github.com/razorpay/razorpay-mcp-server/pkg/toolsets/toolsets.go:50.2,50.10 1 0
github.com/razorpay/razorpay-mcp-server/pkg/toolsets/toolsets.go:54.62,57.2 2 0
github.com/razorpay/razorpay-mcp-server/pkg/toolsets/toolsets.go:60.49,61.16 1 0
github.com/razorpay/razorpay-mcp-server/pkg/toolsets/toolsets.go:61.16,63.3 1 0
github.com/razorpay/razorpay-mcp-server/pkg/toolsets/toolsets.go:64.2,64.35 1 0
github.com/razorpay/razorpay-mcp-server/pkg/toolsets/toolsets.go:64.35,66.3 1 0
github.com/razorpay/razorpay-mcp-server/pkg/toolsets/toolsets.go:67.2,67.17 1 0
github.com/razorpay/razorpay-mcp-server/pkg/toolsets/toolsets.go:67.17,68.37 1 0
github.com/razorpay/razorpay-mcp-server/pkg/toolsets/toolsets.go:68.37,70.4 1 0
github.com/razorpay/razorpay-mcp-server/pkg/toolsets/toolsets.go:75.49,76.17 1 0
github.com/razorpay/razorpay-mcp-server/pkg/toolsets/toolsets.go:76.17,78.3 1 0
github.com/razorpay/razorpay-mcp-server/pkg/toolsets/toolsets.go:79.2,79.27 1 0
github.com/razorpay/razorpay-mcp-server/pkg/toolsets/toolsets.go:83.58,85.13 2 0
github.com/razorpay/razorpay-mcp-server/pkg/toolsets/toolsets.go:85.13,87.3 1 0
github.com/razorpay/razorpay-mcp-server/pkg/toolsets/toolsets.go:88.2,89.12 2 0
github.com/razorpay/razorpay-mcp-server/pkg/toolsets/toolsets.go:93.62,94.21 1 0
github.com/razorpay/razorpay-mcp-server/pkg/toolsets/toolsets.go:94.21,96.3 1 0
github.com/razorpay/razorpay-mcp-server/pkg/toolsets/toolsets.go:98.2,98.29 1 0
github.com/razorpay/razorpay-mcp-server/pkg/toolsets/toolsets.go:98.29,100.17 2 0
github.com/razorpay/razorpay-mcp-server/pkg/toolsets/toolsets.go:100.17,102.4 1 0
github.com/razorpay/razorpay-mcp-server/pkg/toolsets/toolsets.go:105.2,105.21 1 0
github.com/razorpay/razorpay-mcp-server/pkg/toolsets/toolsets.go:105.21,106.33 1 0
github.com/razorpay/razorpay-mcp-server/pkg/toolsets/toolsets.go:106.33,108.18 2 0
github.com/razorpay/razorpay-mcp-server/pkg/toolsets/toolsets.go:108.18,110.5 1 0
github.com/razorpay/razorpay-mcp-server/pkg/toolsets/toolsets.go:112.3,112.13 1 0
github.com/razorpay/razorpay-mcp-server/pkg/toolsets/toolsets.go:115.2,115.12 1 0
github.com/razorpay/razorpay-mcp-server/pkg/toolsets/toolsets.go:119.55,120.38 1 0
github.com/razorpay/razorpay-mcp-server/pkg/toolsets/toolsets.go:120.38,122.3 1 0
github.com/razorpay/razorpay-mcp-server/pkg/log/config.go:31.34,33.2 1 2
github.com/razorpay/razorpay-mcp-server/pkg/log/config.go:36.44,38.2 1 2
github.com/razorpay/razorpay-mcp-server/pkg/log/config.go:41.44,43.2 1 0
github.com/razorpay/razorpay-mcp-server/pkg/log/config.go:46.38,48.2 1 2
github.com/razorpay/razorpay-mcp-server/pkg/log/config.go:54.41,55.25 1 1
github.com/razorpay/razorpay-mcp-server/pkg/log/config.go:55.25,57.3 1 1
github.com/razorpay/razorpay-mcp-server/pkg/log/config.go:61.44,62.25 1 1
github.com/razorpay/razorpay-mcp-server/pkg/log/config.go:62.25,64.3 1 1
github.com/razorpay/razorpay-mcp-server/pkg/log/config.go:68.50,69.25 1 0
github.com/razorpay/razorpay-mcp-server/pkg/log/config.go:69.25,71.3 1 0
github.com/razorpay/razorpay-mcp-server/pkg/log/config.go:77.46,85.27 2 2
github.com/razorpay/razorpay-mcp-server/pkg/log/config.go:85.27,87.3 1 2
github.com/razorpay/razorpay-mcp-server/pkg/log/config.go:89.2,89.15 1 2
github.com/razorpay/razorpay-mcp-server/pkg/log/log.go:26.73,32.26 2 2
github.com/razorpay/razorpay-mcp-server/pkg/log/log.go:33.17,36.17 2 2
github.com/razorpay/razorpay-mcp-server/pkg/log/log.go:36.17,39.4 2 0
github.com/razorpay/razorpay-mcp-server/pkg/log/log.go:40.10,42.13 2 0
github.com/razorpay/razorpay-mcp-server/pkg/log/log.go:45.2,45.20 1 2
github.com/razorpay/razorpay-mcp-server/pkg/log/slog.go:24.3,32.2 3 20
github.com/razorpay/razorpay-mcp-server/pkg/log/slog.go:36.59,38.2 1 5
github.com/razorpay/razorpay-mcp-server/pkg/log/slog.go:42.59,44.2 1 5
github.com/razorpay/razorpay-mcp-server/pkg/log/slog.go:48.59,51.2 2 0
github.com/razorpay/razorpay-mcp-server/pkg/log/slog.go:55.59,57.2 1 5
github.com/razorpay/razorpay-mcp-server/pkg/log/slog.go:61.59,63.2 1 5
github.com/razorpay/razorpay-mcp-server/pkg/log/slog.go:66.73,69.2 1 20
github.com/razorpay/razorpay-mcp-server/pkg/log/slog.go:72.74,73.20 1 20
github.com/razorpay/razorpay-mcp-server/pkg/log/slog.go:73.20,75.3 1 20
github.com/razorpay/razorpay-mcp-server/pkg/log/slog.go:77.2,78.38 2 0
github.com/razorpay/razorpay-mcp-server/pkg/log/slog.go:78.38,79.22 1 0
github.com/razorpay/razorpay-mcp-server/pkg/log/slog.go:79.22,81.11 2 0
github.com/razorpay/razorpay-mcp-server/pkg/log/slog.go:81.11,82.13 1 0
github.com/razorpay/razorpay-mcp-server/pkg/log/slog.go:84.4,85.47 2 0
github.com/razorpay/razorpay-mcp-server/pkg/log/slog.go:88.2,88.14 1 0
github.com/razorpay/razorpay-mcp-server/pkg/log/slog.go:92.36,93.21 1 6
github.com/razorpay/razorpay-mcp-server/pkg/log/slog.go:93.21,95.3 1 5
github.com/razorpay/razorpay-mcp-server/pkg/log/slog.go:96.2,96.12 1 1
github.com/razorpay/razorpay-mcp-server/pkg/log/slog.go:102.40,110.2 1 1
github.com/razorpay/razorpay-mcp-server/pkg/log/slog.go:112.64,120.2 1 0
github.com/razorpay/razorpay-mcp-server/pkg/log/slog.go:123.33,125.16 2 4
github.com/razorpay/razorpay-mcp-server/pkg/log/slog.go:125.16,128.3 1 0
github.com/razorpay/razorpay-mcp-server/pkg/log/slog.go:130.2,132.39 2 4
github.com/razorpay/razorpay-mcp-server/pkg/log/slog.go:141.59,142.16 1 5
github.com/razorpay/razorpay-mcp-server/pkg/log/slog.go:142.16,144.3 1 3
github.com/razorpay/razorpay-mcp-server/pkg/log/slog.go:146.2,147.16 2 5
github.com/razorpay/razorpay-mcp-server/pkg/log/slog.go:147.16,155.24 3 1
github.com/razorpay/razorpay-mcp-server/pkg/log/slog.go:155.24,155.38 1 1
github.com/razorpay/razorpay-mcp-server/pkg/log/slog.go:156.3,159.9 1 1
github.com/razorpay/razorpay-mcp-server/pkg/log/slog.go:162.2,165.24 2 4
github.com/razorpay/razorpay-mcp-server/pkg/log/slog.go:165.24,166.39 1 4
github.com/razorpay/razorpay-mcp-server/pkg/log/slog.go:166.39,168.5 1 0
github.com/razorpay/razorpay-mcp-server/pkg/log/slog.go:170.4,170.14 1 4
github.com/razorpay/razorpay-mcp-server/pkg/razorpay/orders.go:17.14,69.31 2 5
github.com/razorpay/razorpay-mcp-server/pkg/razorpay/orders.go:69.31,72.17 2 5
github.com/razorpay/razorpay-mcp-server/pkg/razorpay/orders.go:72.17,74.4 1 0
github.com/razorpay/razorpay-mcp-server/pkg/razorpay/orders.go:76.3,87.41 3 5
github.com/razorpay/razorpay-mcp-server/pkg/razorpay/orders.go:87.41,89.4 1 2
github.com/razorpay/razorpay-mcp-server/pkg/razorpay/orders.go:91.3,91.66 1 5
github.com/razorpay/razorpay-mcp-server/pkg/razorpay/orders.go:91.66,93.4 1 2
github.com/razorpay/razorpay-mcp-server/pkg/razorpay/orders.go:95.3,96.17 2 3
github.com/razorpay/razorpay-mcp-server/pkg/razorpay/orders.go:96.17,100.4 1 1
github.com/razorpay/razorpay-mcp-server/pkg/razorpay/orders.go:102.3,102.40 1 2
github.com/razorpay/razorpay-mcp-server/pkg/razorpay/orders.go:105.2,110.3 1 5
github.com/razorpay/razorpay-mcp-server/pkg/razorpay/orders.go:117.14,129.31 2 3
github.com/razorpay/razorpay-mcp-server/pkg/razorpay/orders.go:129.31,132.17 2 3
github.com/razorpay/razorpay-mcp-server/pkg/razorpay/orders.go:132.17,134.4 1 0
github.com/razorpay/razorpay-mcp-server/pkg/razorpay/orders.go:136.3,141.66 3 3
github.com/razorpay/razorpay-mcp-server/pkg/razorpay/orders.go:141.66,143.4 1 1
github.com/razorpay/razorpay-mcp-server/pkg/razorpay/orders.go:145.3,146.17 2 2
github.com/razorpay/razorpay-mcp-server/pkg/razorpay/orders.go:146.17,150.4 1 1
github.com/razorpay/razorpay-mcp-server/pkg/razorpay/orders.go:152.3,152.40 1 1
github.com/razorpay/razorpay-mcp-server/pkg/razorpay/orders.go:155.2,160.3 1 3
github.com/razorpay/razorpay-mcp-server/pkg/razorpay/orders.go:167.14,216.31 2 7
github.com/razorpay/razorpay-mcp-server/pkg/razorpay/orders.go:216.31,219.17 2 7
github.com/razorpay/razorpay-mcp-server/pkg/razorpay/orders.go:219.17,221.4 1 0
github.com/razorpay/razorpay-mcp-server/pkg/razorpay/orders.go:223.3,233.66 3 7
github.com/razorpay/razorpay-mcp-server/pkg/razorpay/orders.go:233.66,235.4 1 1
github.com/razorpay/razorpay-mcp-server/pkg/razorpay/orders.go:237.3,238.17 2 6
github.com/razorpay/razorpay-mcp-server/pkg/razorpay/orders.go:238.17,242.4 1 1
github.com/razorpay/razorpay-mcp-server/pkg/razorpay/orders.go:244.3,244.41 1 5
github.com/razorpay/razorpay-mcp-server/pkg/razorpay/orders.go:247.2,252.3 1 7
github.com/razorpay/razorpay-mcp-server/pkg/razorpay/orders.go:259.14,273.31 2 3
github.com/razorpay/razorpay-mcp-server/pkg/razorpay/orders.go:273.31,276.17 2 3
github.com/razorpay/razorpay-mcp-server/pkg/razorpay/orders.go:276.17,278.4 1 0
github.com/razorpay/razorpay-mcp-server/pkg/razorpay/orders.go:280.3,285.66 3 3
github.com/razorpay/razorpay-mcp-server/pkg/razorpay/orders.go:285.66,287.4 1 1
github.com/razorpay/razorpay-mcp-server/pkg/razorpay/orders.go:291.3,293.17 3 2
github.com/razorpay/razorpay-mcp-server/pkg/razorpay/orders.go:293.17,300.4 1 1
github.com/razorpay/razorpay-mcp-server/pkg/razorpay/orders.go:303.3,303.43 1 1
github.com/razorpay/razorpay-mcp-server/pkg/razorpay/orders.go:306.2,311.3 1 3
github.com/razorpay/razorpay-mcp-server/pkg/razorpay/orders.go:319.14,339.31 2 4
github.com/razorpay/razorpay-mcp-server/pkg/razorpay/orders.go:339.31,344.17 4 4
github.com/razorpay/razorpay-mcp-server/pkg/razorpay/orders.go:344.17,346.4 1 0
github.com/razorpay/razorpay-mcp-server/pkg/razorpay/orders.go:348.3,352.66 2 4
github.com/razorpay/razorpay-mcp-server/pkg/razorpay/orders.go:352.66,354.4 1 2
github.com/razorpay/razorpay-mcp-server/pkg/razorpay/orders.go:356.3,360.17 4 2
github.com/razorpay/razorpay-mcp-server/pkg/razorpay/orders.go:360.17,363.4 1 1
github.com/razorpay/razorpay-mcp-server/pkg/razorpay/orders.go:365.3,365.40 1 1
github.com/razorpay/razorpay-mcp-server/pkg/razorpay/orders.go:368.2,374.3 1 4
github.com/razorpay/razorpay-mcp-server/pkg/razorpay/payment_links.go:17.14,93.31 2 6
github.com/razorpay/razorpay-mcp-server/pkg/razorpay/payment_links.go:93.31,96.17 2 6
github.com/razorpay/razorpay-mcp-server/pkg/razorpay/payment_links.go:96.17,98.4 1 0
github.com/razorpay/razorpay-mcp-server/pkg/razorpay/payment_links.go:101.3,123.66 5 6
github.com/razorpay/razorpay-mcp-server/pkg/razorpay/payment_links.go:123.66,125.4 1 3
github.com/razorpay/razorpay-mcp-server/pkg/razorpay/payment_links.go:128.3,128.24 1 3
github.com/razorpay/razorpay-mcp-server/pkg/razorpay/payment_links.go:128.24,130.4 1 0
github.com/razorpay/razorpay-mcp-server/pkg/razorpay/payment_links.go:133.3,133.22 1 3
github.com/razorpay/razorpay-mcp-server/pkg/razorpay/payment_links.go:133.22,135.4 1 0
github.com/razorpay/razorpay-mcp-server/pkg/razorpay/payment_links.go:138.3,139.17 2 3
github.com/razorpay/razorpay-mcp-server/pkg/razorpay/payment_links.go:139.17,142.4 1 1
github.com/razorpay/razorpay-mcp-server/pkg/razorpay/payment_links.go:144.3,144.46 1 2
github.com/razorpay/razorpay-mcp-server/pkg/razorpay/payment_links.go:147.2,152.3 1 6
github.com/razorpay/razorpay-mcp-server/pkg/razorpay/payment_links.go:159.14,234.31 2 3
github.com/razorpay/razorpay-mcp-server/pkg/razorpay/payment_links.go:234.31,258.66 5 3
github.com/razorpay/razorpay-mcp-server/pkg/razorpay/payment_links.go:258.66,260.4 1 2
github.com/razorpay/razorpay-mcp-server/pkg/razorpay/payment_links.go:263.3,266.24 2 1
github.com/razorpay/razorpay-mcp-server/pkg/razorpay/payment_links.go:266.24,268.4 1 1
github.com/razorpay/razorpay-mcp-server/pkg/razorpay/payment_links.go:271.3,271.22 1 1
github.com/razorpay/razorpay-mcp-server/pkg/razorpay/payment_links.go:271.22,273.4 1 1
github.com/razorpay/razorpay-mcp-server/pkg/razorpay/payment_links.go:275.3,276.17 2 1
github.com/razorpay/razorpay-mcp-server/pkg/razorpay/payment_links.go:276.17,278.4 1 0
github.com/razorpay/razorpay-mcp-server/pkg/razorpay/payment_links.go:281.3,282.17 2 1
github.com/razorpay/razorpay-mcp-server/pkg/razorpay/payment_links.go:282.17,285.4 1 0
github.com/razorpay/razorpay-mcp-server/pkg/razorpay/payment_links.go:287.3,287.46 1 1
github.com/razorpay/razorpay-mcp-server/pkg/razorpay/payment_links.go:290.2,295.3 1 3
github.com/razorpay/razorpay-mcp-server/pkg/razorpay/payment_links.go:303.14,316.31 2 4
github.com/razorpay/razorpay-mcp-server/pkg/razorpay/payment_links.go:316.31,319.17 2 4
github.com/razorpay/razorpay-mcp-server/pkg/razorpay/payment_links.go:319.17,321.4 1 0
github.com/razorpay/razorpay-mcp-server/pkg/razorpay/payment_links.go:323.3,328.66 3 4
github.com/razorpay/razorpay-mcp-server/pkg/razorpay/payment_links.go:328.66,330.4 1 2
github.com/razorpay/razorpay-mcp-server/pkg/razorpay/payment_links.go:332.3,335.17 3 2
github.com/razorpay/razorpay-mcp-server/pkg/razorpay/payment_links.go:335.17,338.4 1 1
github.com/razorpay/razorpay-mcp-server/pkg/razorpay/payment_links.go:340.3,340.46 1 1
github.com/razorpay/razorpay-mcp-server/pkg/razorpay/payment_links.go:343.2,350.3 1 4
github.com/razorpay/razorpay-mcp-server/pkg/razorpay/payment_links.go:358.14,378.31 2 4
github.com/razorpay/razorpay-mcp-server/pkg/razorpay/payment_links.go:378.31,380.17 2 4
github.com/razorpay/razorpay-mcp-server/pkg/razorpay/payment_links.go:380.17,382.4 1 0
github.com/razorpay/razorpay-mcp-server/pkg/razorpay/payment_links.go:384.3,390.66 3 4
github.com/razorpay/razorpay-mcp-server/pkg/razorpay/payment_links.go:390.66,392.4 1 2
github.com/razorpay/razorpay-mcp-server/pkg/razorpay/payment_links.go:394.3,399.17 4 2
github.com/razorpay/razorpay-mcp-server/pkg/razorpay/payment_links.go:399.17,402.4 1 1
github.com/razorpay/razorpay-mcp-server/pkg/razorpay/payment_links.go:404.3,404.43 1 1
github.com/razorpay/razorpay-mcp-server/pkg/razorpay/payment_links.go:407.2,412.3 1 4
github.com/razorpay/razorpay-mcp-server/pkg/razorpay/payment_links.go:419.14,455.31 2 6
github.com/razorpay/razorpay-mcp-server/pkg/razorpay/payment_links.go:455.31,457.17 2 6
github.com/razorpay/razorpay-mcp-server/pkg/razorpay/payment_links.go:457.17,459.4 1 0
github.com/razorpay/razorpay-mcp-server/pkg/razorpay/payment_links.go:461.3,472.66 4 6
github.com/razorpay/razorpay-mcp-server/pkg/razorpay/payment_links.go:472.66,474.4 1 1
github.com/razorpay/razorpay-mcp-server/pkg/razorpay/payment_links.go:476.3,479.28 2 5
github.com/razorpay/razorpay-mcp-server/pkg/razorpay/payment_links.go:479.28,482.4 1 1
github.com/razorpay/razorpay-mcp-server/pkg/razorpay/payment_links.go:485.3,486.17 2 4
github.com/razorpay/razorpay-mcp-server/pkg/razorpay/payment_links.go:486.17,489.4 1 1
github.com/razorpay/razorpay-mcp-server/pkg/razorpay/payment_links.go:491.3,491.46 1 3
github.com/razorpay/razorpay-mcp-server/pkg/razorpay/payment_links.go:494.2,500.3 1 6
github.com/razorpay/razorpay-mcp-server/pkg/razorpay/payment_links.go:508.14,529.31 2 2
github.com/razorpay/razorpay-mcp-server/pkg/razorpay/payment_links.go:529.31,531.17 2 2
github.com/razorpay/razorpay-mcp-server/pkg/razorpay/payment_links.go:531.17,533.4 1 0
github.com/razorpay/razorpay-mcp-server/pkg/razorpay/payment_links.go:535.3,542.66 3 2
github.com/razorpay/razorpay-mcp-server/pkg/razorpay/payment_links.go:542.66,544.4 1 0
github.com/razorpay/razorpay-mcp-server/pkg/razorpay/payment_links.go:547.3,548.17 2 2
github.com/razorpay/razorpay-mcp-server/pkg/razorpay/payment_links.go:548.17,551.4 1 1
github.com/razorpay/razorpay-mcp-server/pkg/razorpay/payment_links.go:553.3,553.43 1 1
github.com/razorpay/razorpay-mcp-server/pkg/razorpay/payment_links.go:556.2,562.3 1 2
github.com/razorpay/razorpay-mcp-server/pkg/razorpay/payments.go:21.14,34.31 2 3
github.com/razorpay/razorpay-mcp-server/pkg/razorpay/payments.go:34.31,37.17 2 3
github.com/razorpay/razorpay-mcp-server/pkg/razorpay/payments.go:37.17,39.4 1 0
github.com/razorpay/razorpay-mcp-server/pkg/razorpay/payments.go:41.3,46.66 3 3
github.com/razorpay/razorpay-mcp-server/pkg/razorpay/payments.go:46.66,48.4 1 1
github.com/razorpay/razorpay-mcp-server/pkg/razorpay/payments.go:50.3,53.17 3 2
github.com/razorpay/razorpay-mcp-server/pkg/razorpay/payments.go:53.17,56.4 1 1
github.com/razorpay/razorpay-mcp-server/pkg/razorpay/payments.go:58.3,58.42 1 1
github.com/razorpay/razorpay-mcp-server/pkg/razorpay/payments.go:61.2,67.3 1 3
github.com/razorpay/razorpay-mcp-server/pkg/razorpay/payments.go:75.14,88.31 2 3
github.com/razorpay/razorpay-mcp-server/pkg/razorpay/payments.go:88.31,91.17 2 3
github.com/razorpay/razorpay-mcp-server/pkg/razorpay/payments.go:91.17,93.4 1 0
github.com/razorpay/razorpay-mcp-server/pkg/razorpay/payments.go:95.3,100.66 3 3
github.com/razorpay/razorpay-mcp-server/pkg/razorpay/payments.go:100.66,102.4 1 1
github.com/razorpay/razorpay-mcp-server/pkg/razorpay/payments.go:104.3,109.17 3 2
github.com/razorpay/razorpay-mcp-server/pkg/razorpay/payments.go:109.17,112.4 1 1
github.com/razorpay/razorpay-mcp-server/pkg/razorpay/payments.go:114.3,114.46 1 1
github.com/razorpay/razorpay-mcp-server/pkg/razorpay/payments.go:117.2,123.3 1 3
github.com/razorpay/razorpay-mcp-server/pkg/razorpay/payments.go:130.14,149.31 2 5
github.com/razorpay/razorpay-mcp-server/pkg/razorpay/payments.go:149.31,152.17 2 5
github.com/razorpay/razorpay-mcp-server/pkg/razorpay/payments.go:152.17,154.4 1 0
github.com/razorpay/razorpay-mcp-server/pkg/razorpay/payments.go:156.3,163.66 4 5
github.com/razorpay/razorpay-mcp-server/pkg/razorpay/payments.go:163.66,165.4 1 3
github.com/razorpay/razorpay-mcp-server/pkg/razorpay/payments.go:167.3,171.17 3 2
github.com/razorpay/razorpay-mcp-server/pkg/razorpay/payments.go:171.17,174.4 1 1
github.com/razorpay/razorpay-mcp-server/pkg/razorpay/payments.go:176.3,176.49 1 1
github.com/razorpay/razorpay-mcp-server/pkg/razorpay/payments.go:179.2,185.3 1 5
github.com/razorpay/razorpay-mcp-server/pkg/razorpay/payments.go:192.14,216.31 2 6
github.com/razorpay/razorpay-mcp-server/pkg/razorpay/payments.go:216.31,219.17 2 6
github.com/razorpay/razorpay-mcp-server/pkg/razorpay/payments.go:219.17,221.4 1 0
github.com/razorpay/razorpay-mcp-server/pkg/razorpay/payments.go:223.3,231.66 4 6
github.com/razorpay/razorpay-mcp-server/pkg/razorpay/payments.go:231.66,233.4 1 4
github.com/razorpay/razorpay-mcp-server/pkg/razorpay/payments.go:235.3,245.17 4 2
github.com/razorpay/razorpay-mcp-server/pkg/razorpay/payments.go:245.17,248.4 1 1
github.com/razorpay/razorpay-mcp-server/pkg/razorpay/payments.go:250.3,250.42 1 1
github.com/razorpay/razorpay-mcp-server/pkg/razorpay/payments.go:253.2,258.3 1 6
github.com/razorpay/razorpay-mcp-server/pkg/razorpay/payments.go:267.14,300.31 2 3
github.com/razorpay/razorpay-mcp-server/pkg/razorpay/payments.go:300.31,303.17 2 3
github.com/razorpay/razorpay-mcp-server/pkg/razorpay/payments.go:303.17,305.4 1 0
github.com/razorpay/razorpay-mcp-server/pkg/razorpay/payments.go:308.3,315.66 3 3
github.com/razorpay/razorpay-mcp-server/pkg/razorpay/payments.go:315.66,317.4 1 1
github.com/razorpay/razorpay-mcp-server/pkg/razorpay/payments.go:320.3,321.17 2 2
github.com/razorpay/razorpay-mcp-server/pkg/razorpay/payments.go:321.17,324.4 1 1
github.com/razorpay/razorpay-mcp-server/pkg/razorpay/payments.go:326.3,326.43 1 1
github.com/razorpay/razorpay-mcp-server/pkg/razorpay/payments.go:329.2,334.3 1 3
github.com/razorpay/razorpay-mcp-server/pkg/razorpay/payments.go:338.62,339.71 1 3
github.com/razorpay/razorpay-mcp-server/pkg/razorpay/payments.go:339.71,341.3 1 3
github.com/razorpay/razorpay-mcp-server/pkg/razorpay/payments.go:342.2,342.11 1 0
github.com/razorpay/razorpay-mcp-server/pkg/razorpay/payments.go:348.28,350.70 2 3
github.com/razorpay/razorpay-mcp-server/pkg/razorpay/payments.go:350.70,351.53 1 1
github.com/razorpay/razorpay-mcp-server/pkg/razorpay/payments.go:351.53,352.35 1 1
github.com/razorpay/razorpay-mcp-server/pkg/razorpay/payments.go:352.35,353.58 1 1
github.com/razorpay/razorpay-mcp-server/pkg/razorpay/payments.go:353.58,355.6 1 1
github.com/razorpay/razorpay-mcp-server/pkg/razorpay/payments.go:359.2,359.16 1 3
github.com/razorpay/razorpay-mcp-server/pkg/razorpay/payments.go:365.35,366.18 1 0
github.com/razorpay/razorpay-mcp-server/pkg/razorpay/payments.go:366.18,368.3 1 0
github.com/razorpay/razorpay-mcp-server/pkg/razorpay/payments.go:370.2,371.16 2 0
github.com/razorpay/razorpay-mcp-server/pkg/razorpay/payments.go:371.16,373.3 1 0
github.com/razorpay/razorpay-mcp-server/pkg/razorpay/payments.go:375.2,375.33 1 0
github.com/razorpay/razorpay-mcp-server/pkg/razorpay/payments.go:375.33,377.3 1 0
github.com/razorpay/razorpay-mcp-server/pkg/razorpay/payments.go:379.2,379.55 1 0
github.com/razorpay/razorpay-mcp-server/pkg/razorpay/payments.go:379.55,381.3 1 0
github.com/razorpay/razorpay-mcp-server/pkg/razorpay/payments.go:384.2,389.16 3 0
github.com/razorpay/razorpay-mcp-server/pkg/razorpay/payments.go:389.16,391.3 1 0
github.com/razorpay/razorpay-mcp-server/pkg/razorpay/payments.go:392.2,395.16 3 0
github.com/razorpay/razorpay-mcp-server/pkg/razorpay/payments.go:395.16,397.3 1 0
github.com/razorpay/razorpay-mcp-server/pkg/razorpay/payments.go:398.2,401.53 2 0
github.com/razorpay/razorpay-mcp-server/pkg/razorpay/payments.go:401.53,404.3 1 0
github.com/razorpay/razorpay-mcp-server/pkg/razorpay/payments.go:405.2,405.12 1 0
github.com/razorpay/razorpay-mcp-server/pkg/razorpay/payments.go:413.36,423.22 3 3
github.com/razorpay/razorpay-mcp-server/pkg/razorpay/payments.go:423.22,431.34 5 1
github.com/razorpay/razorpay-mcp-server/pkg/razorpay/payments.go:431.34,432.54 1 1
github.com/razorpay/razorpay-mcp-server/pkg/razorpay/payments.go:432.54,435.36 3 1
github.com/razorpay/razorpay-mcp-server/pkg/razorpay/payments.go:435.36,438.6 2 0
github.com/razorpay/razorpay-mcp-server/pkg/razorpay/payments.go:440.5,440.32 1 1
github.com/razorpay/razorpay-mcp-server/pkg/razorpay/payments.go:440.32,442.6 1 1
github.com/razorpay/razorpay-mcp-server/pkg/razorpay/payments.go:446.3,446.10 1 1
github.com/razorpay/razorpay-mcp-server/pkg/razorpay/payments.go:447.15,452.48 2 0
github.com/razorpay/razorpay-mcp-server/pkg/razorpay/payments.go:453.20,455.69 1 1
github.com/razorpay/razorpay-mcp-server/pkg/razorpay/payments.go:456.11,458.61 1 0
github.com/razorpay/razorpay-mcp-server/pkg/razorpay/payments.go:460.8,462.3 1 2
github.com/razorpay/razorpay-mcp-server/pkg/razorpay/payments.go:464.2,464.25 1 3
github.com/razorpay/razorpay-mcp-server/pkg/razorpay/payments.go:471.3,472.21 1 0
github.com/razorpay/razorpay-mcp-server/pkg/razorpay/payments.go:472.21,479.3 3 0
github.com/razorpay/razorpay-mcp-server/pkg/razorpay/payments.go:486.3,487.21 1 2
github.com/razorpay/razorpay-mcp-server/pkg/razorpay/payments.go:487.21,495.3 3 2
github.com/razorpay/razorpay-mcp-server/pkg/razorpay/payments.go:502.3,504.67 1 4
github.com/razorpay/razorpay-mcp-server/pkg/razorpay/payments.go:504.67,506.3 1 2
github.com/razorpay/razorpay-mcp-server/pkg/razorpay/payments.go:509.2,509.61 1 4
github.com/razorpay/razorpay-mcp-server/pkg/razorpay/payments.go:509.61,511.3 1 1
github.com/razorpay/razorpay-mcp-server/pkg/razorpay/payments.go:511.8,511.79 1 3
github.com/razorpay/razorpay-mcp-server/pkg/razorpay/payments.go:511.79,513.3 1 1
github.com/razorpay/razorpay-mcp-server/pkg/razorpay/payments.go:522.14,560.31 2 9
github.com/razorpay/razorpay-mcp-server/pkg/razorpay/payments.go:560.31,563.17 2 9
github.com/razorpay/razorpay-mcp-server/pkg/razorpay/payments.go:563.17,565.4 1 0
github.com/razorpay/razorpay-mcp-server/pkg/razorpay/payments.go:567.3,577.66 3 9
github.com/razorpay/razorpay-mcp-server/pkg/razorpay/payments.go:577.66,579.4 1 5
github.com/razorpay/razorpay-mcp-server/pkg/razorpay/payments.go:582.3,583.57 2 4
github.com/razorpay/razorpay-mcp-server/pkg/razorpay/payments.go:583.57,585.4 1 1
github.com/razorpay/razorpay-mcp-server/pkg/razorpay/payments.go:588.3,602.17 4 4
github.com/razorpay/razorpay-mcp-server/pkg/razorpay/payments.go:602.17,605.4 1 1
github.com/razorpay/razorpay-mcp-server/pkg/razorpay/payments.go:608.3,615.19 4 3
github.com/razorpay/razorpay-mcp-server/pkg/razorpay/payments.go:615.19,617.18 2 0
github.com/razorpay/razorpay-mcp-server/pkg/razorpay/payments.go:617.18,620.5 1 0
github.com/razorpay/razorpay-mcp-server/pkg/razorpay/payments.go:623.3,623.43 1 3
github.com/razorpay/razorpay-mcp-server/pkg/razorpay/payments.go:626.2,634.3 1 9
github.com/razorpay/razorpay-mcp-server/pkg/razorpay/payments.go:641.14,654.31 2 0
github.com/razorpay/razorpay-mcp-server/pkg/razorpay/payments.go:654.31,658.17 2 0
github.com/razorpay/razorpay-mcp-server/pkg/razorpay/payments.go:658.17,660.4 1 0
github.com/razorpay/razorpay-mcp-server/pkg/razorpay/payments.go:662.3,667.66 3 0
github.com/razorpay/razorpay-mcp-server/pkg/razorpay/payments.go:667.66,669.4 1 0
github.com/razorpay/razorpay-mcp-server/pkg/razorpay/payments.go:671.3,675.17 3 0
github.com/razorpay/razorpay-mcp-server/pkg/razorpay/payments.go:675.17,678.4 1 0
github.com/razorpay/razorpay-mcp-server/pkg/razorpay/payments.go:681.3,693.25 3 0
github.com/razorpay/razorpay-mcp-server/pkg/razorpay/payments.go:693.25,702.4 4 0
github.com/razorpay/razorpay-mcp-server/pkg/razorpay/payments.go:702.9,710.4 3 0
github.com/razorpay/razorpay-mcp-server/pkg/razorpay/payments.go:712.3,713.17 2 0
github.com/razorpay/razorpay-mcp-server/pkg/razorpay/payments.go:713.17,716.4 1 0
github.com/razorpay/razorpay-mcp-server/pkg/razorpay/payments.go:717.3,717.21 1 0
github.com/razorpay/razorpay-mcp-server/pkg/razorpay/payments.go:720.2,726.3 1 0
github.com/razorpay/razorpay-mcp-server/pkg/razorpay/payments.go:733.14,751.31 2 8
github.com/razorpay/razorpay-mcp-server/pkg/razorpay/payments.go:751.31,754.17 2 8
github.com/razorpay/razorpay-mcp-server/pkg/razorpay/payments.go:754.17,756.4 1 0
github.com/razorpay/razorpay-mcp-server/pkg/razorpay/payments.go:758.3,764.66 3 8
github.com/razorpay/razorpay-mcp-server/pkg/razorpay/payments.go:764.66,766.4 1 3
github.com/razorpay/razorpay-mcp-server/pkg/razorpay/payments.go:768.3,774.17 4 5
github.com/razorpay/razorpay-mcp-server/pkg/razorpay/payments.go:774.17,777.4 1 4
github.com/razorpay/razorpay-mcp-server/pkg/razorpay/payments.go:780.3,787.17 3 1
github.com/razorpay/razorpay-mcp-server/pkg/razorpay/payments.go:787.17,790.4 1 0
github.com/razorpay/razorpay-mcp-server/pkg/razorpay/payments.go:791.3,791.21 1 1
github.com/razorpay/razorpay-mcp-server/pkg/razorpay/payments.go:794.2,800.3 1 8
github.com/razorpay/razorpay-mcp-server/pkg/razorpay/payments.go:804.59,806.9 2 0
github.com/razorpay/razorpay-mcp-server/pkg/razorpay/payments.go:806.9,808.3 1 0
github.com/razorpay/razorpay-mcp-server/pkg/razorpay/payments.go:810.2,811.33 2 0
github.com/razorpay/razorpay-mcp-server/pkg/razorpay/payments.go:811.33,813.3 1 0
github.com/razorpay/razorpay-mcp-server/pkg/razorpay/payments.go:815.2,816.9 2 0
github.com/razorpay/razorpay-mcp-server/pkg/razorpay/payments.go:816.9,818.3 1 0
github.com/razorpay/razorpay-mcp-server/pkg/razorpay/payments.go:820.2,820.33 1 0
github.com/razorpay/razorpay-mcp-server/pkg/razorpay/payments.go:820.33,822.10 2 0
github.com/razorpay/razorpay-mcp-server/pkg/razorpay/payments.go:822.10,823.12 1 0
github.com/razorpay/razorpay-mcp-server/pkg/razorpay/payments.go:826.3,827.40 2 0
github.com/razorpay/razorpay-mcp-server/pkg/razorpay/payments.go:827.40,828.12 1 0
github.com/razorpay/razorpay-mcp-server/pkg/razorpay/payments.go:831.3,832.33 2 0
github.com/razorpay/razorpay-mcp-server/pkg/razorpay/payments.go:832.33,834.4 1 0
github.com/razorpay/razorpay-mcp-server/pkg/razorpay/payments.go:837.2,837.11 1 0
github.com/razorpay/razorpay-mcp-server/pkg/razorpay/payouts.go:17.14,31.31 2 4
github.com/razorpay/razorpay-mcp-server/pkg/razorpay/payouts.go:31.31,33.17 2 4
github.com/razorpay/razorpay-mcp-server/pkg/razorpay/payouts.go:33.17,35.4 1 0
github.com/razorpay/razorpay-mcp-server/pkg/razorpay/payouts.go:37.3,42.66 3 4
github.com/razorpay/razorpay-mcp-server/pkg/razorpay/payouts.go:42.66,44.4 1 2
github.com/razorpay/razorpay-mcp-server/pkg/razorpay/payouts.go:46.3,51.17 2 2
github.com/razorpay/razorpay-mcp-server/pkg/razorpay/payouts.go:51.17,54.4 1 1
github.com/razorpay/razorpay-mcp-server/pkg/razorpay/payouts.go:56.3,56.41 1 1
github.com/razorpay/razorpay-mcp-server/pkg/razorpay/payouts.go:59.2,64.3 1 4
github.com/razorpay/razorpay-mcp-server/pkg/razorpay/payouts.go:71.14,97.31 2 5
github.com/razorpay/razorpay-mcp-server/pkg/razorpay/payouts.go:97.31,99.17 2 5
github.com/razorpay/razorpay-mcp-server/pkg/razorpay/payouts.go:99.17,101.4 1 0
github.com/razorpay/razorpay-mcp-server/pkg/razorpay/payouts.go:103.3,109.66 3 5
github.com/razorpay/razorpay-mcp-server/pkg/razorpay/payouts.go:109.66,111.4 1 2
github.com/razorpay/razorpay-mcp-server/pkg/razorpay/payouts.go:113.3,114.17 2 3
github.com/razorpay/razorpay-mcp-server/pkg/razorpay/payouts.go:114.17,117.4 1 1
github.com/razorpay/razorpay-mcp-server/pkg/razorpay/payouts.go:119.3,119.41 1 2
github.com/razorpay/razorpay-mcp-server/pkg/razorpay/payouts.go:122.2,127.3 1 5
github.com/razorpay/razorpay-mcp-server/pkg/razorpay/qr_codes.go:17.14,88.31 2 8
github.com/razorpay/razorpay-mcp-server/pkg/razorpay/qr_codes.go:88.31,90.17 2 8
github.com/razorpay/razorpay-mcp-server/pkg/razorpay/qr_codes.go:90.17,92.4 1 0
github.com/razorpay/razorpay-mcp-server/pkg/razorpay/qr_codes.go:94.3,107.66 3 8
github.com/razorpay/razorpay-mcp-server/pkg/razorpay/qr_codes.go:107.66,109.4 1 3
github.com/razorpay/razorpay-mcp-server/pkg/razorpay/qr_codes.go:112.3,113.23 1 5
github.com/razorpay/razorpay-mcp-server/pkg/razorpay/qr_codes.go:113.23,114.54 1 2
github.com/razorpay/razorpay-mcp-server/pkg/razorpay/qr_codes.go:114.54,117.5 1 1
github.com/razorpay/razorpay-mcp-server/pkg/razorpay/qr_codes.go:121.3,122.17 2 4
github.com/razorpay/razorpay-mcp-server/pkg/razorpay/qr_codes.go:122.17,125.4 1 1
github.com/razorpay/razorpay-mcp-server/pkg/razorpay/qr_codes.go:127.3,127.41 1 3
github.com/razorpay/razorpay-mcp-server/pkg/razorpay/qr_codes.go:130.2,135.3 1 8
github.com/razorpay/razorpay-mcp-server/pkg/razorpay/qr_codes.go:142.14,157.31 2 4
github.com/razorpay/razorpay-mcp-server/pkg/razorpay/qr_codes.go:157.31,159.17 2 4
github.com/razorpay/razorpay-mcp-server/pkg/razorpay/qr_codes.go:159.17,161.4 1 0
github.com/razorpay/razorpay-mcp-server/pkg/razorpay/qr_codes.go:163.3,166.66 3 4
github.com/razorpay/razorpay-mcp-server/pkg/razorpay/qr_codes.go:166.66,168.4 1 2
github.com/razorpay/razorpay-mcp-server/pkg/razorpay/qr_codes.go:169.3,173.17 3 2
github.com/razorpay/razorpay-mcp-server/pkg/razorpay/qr_codes.go:173.17,176.4 1 1
github.com/razorpay/razorpay-mcp-server/pkg/razorpay/qr_codes.go:178.3,178.41 1 1
github.com/razorpay/razorpay-mcp-server/pkg/razorpay/qr_codes.go:181.2,186.3 1 4
github.com/razorpay/razorpay-mcp-server/pkg/razorpay/qr_codes.go:194.14,230.31 2 6
github.com/razorpay/razorpay-mcp-server/pkg/razorpay/qr_codes.go:230.31,232.17 2 6
github.com/razorpay/razorpay-mcp-server/pkg/razorpay/qr_codes.go:232.17,234.4 1 0
github.com/razorpay/razorpay-mcp-server/pkg/razorpay/qr_codes.go:236.3,243.66 3 6
github.com/razorpay/razorpay-mcp-server/pkg/razorpay/qr_codes.go:243.66,245.4 1 1
github.com/razorpay/razorpay-mcp-server/pkg/razorpay/qr_codes.go:248.3,249.17 2 5
github.com/razorpay/razorpay-mcp-server/pkg/razorpay/qr_codes.go:249.17,252.4 1 2
github.com/razorpay/razorpay-mcp-server/pkg/razorpay/qr_codes.go:254.3,254.42 1 3
github.com/razorpay/razorpay-mcp-server/pkg/razorpay/qr_codes.go:257.2,262.3 1 6
github.com/razorpay/razorpay-mcp-server/pkg/razorpay/qr_codes.go:270.14,284.31 2 4
github.com/razorpay/razorpay-mcp-server/pkg/razorpay/qr_codes.go:284.31,286.17 2 4
github.com/razorpay/razorpay-mcp-server/pkg/razorpay/qr_codes.go:286.17,288.4 1 0
github.com/razorpay/razorpay-mcp-server/pkg/razorpay/qr_codes.go:290.3,295.66 3 4
github.com/razorpay/razorpay-mcp-server/pkg/razorpay/qr_codes.go:295.66,297.4 1 2
github.com/razorpay/razorpay-mcp-server/pkg/razorpay/qr_codes.go:300.3,301.17 2 2
github.com/razorpay/razorpay-mcp-server/pkg/razorpay/qr_codes.go:301.17,304.4 1 1
github.com/razorpay/razorpay-mcp-server/pkg/razorpay/qr_codes.go:306.3,306.42 1 1
github.com/razorpay/razorpay-mcp-server/pkg/razorpay/qr_codes.go:309.2,314.3 1 4
github.com/razorpay/razorpay-mcp-server/pkg/razorpay/qr_codes.go:322.14,337.31 2 4
github.com/razorpay/razorpay-mcp-server/pkg/razorpay/qr_codes.go:337.31,339.17 2 4
github.com/razorpay/razorpay-mcp-server/pkg/razorpay/qr_codes.go:339.17,341.4 1 0
github.com/razorpay/razorpay-mcp-server/pkg/razorpay/qr_codes.go:343.3,348.66 3 4
github.com/razorpay/razorpay-mcp-server/pkg/razorpay/qr_codes.go:348.66,350.4 1 2
github.com/razorpay/razorpay-mcp-server/pkg/razorpay/qr_codes.go:353.3,354.17 2 2
github.com/razorpay/razorpay-mcp-server/pkg/razorpay/qr_codes.go:354.17,357.4 1 1
github.com/razorpay/razorpay-mcp-server/pkg/razorpay/qr_codes.go:359.3,359.42 1 1
github.com/razorpay/razorpay-mcp-server/pkg/razorpay/qr_codes.go:362.2,367.3 1 4
github.com/razorpay/razorpay-mcp-server/pkg/razorpay/qr_codes.go:374.14,418.31 2 4
github.com/razorpay/razorpay-mcp-server/pkg/razorpay/qr_codes.go:418.31,420.17 2 4
github.com/razorpay/razorpay-mcp-server/pkg/razorpay/qr_codes.go:420.17,422.4 1 0
github.com/razorpay/razorpay-mcp-server/pkg/razorpay/qr_codes.go:424.3,434.66 4 4
github.com/razorpay/razorpay-mcp-server/pkg/razorpay/qr_codes.go:434.66,436.4 1 2
github.com/razorpay/razorpay-mcp-server/pkg/razorpay/qr_codes.go:438.3,442.17 3 2
github.com/razorpay/razorpay-mcp-server/pkg/razorpay/qr_codes.go:442.17,445.4 1 1
github.com/razorpay/razorpay-mcp-server/pkg/razorpay/qr_codes.go:447.3,447.43 1 1
github.com/razorpay/razorpay-mcp-server/pkg/razorpay/qr_codes.go:450.2,455.3 1 4
github.com/razorpay/razorpay-mcp-server/pkg/razorpay/qr_codes.go:462.14,477.31 2 2
github.com/razorpay/razorpay-mcp-server/pkg/razorpay/qr_codes.go:477.31,479.17 2 2
github.com/razorpay/razorpay-mcp-server/pkg/razorpay/qr_codes.go:479.17,481.4 1 0
github.com/razorpay/razorpay-mcp-server/pkg/razorpay/qr_codes.go:483.3,486.66 3 2
github.com/razorpay/razorpay-mcp-server/pkg/razorpay/qr_codes.go:486.66,488.4 1 1
github.com/razorpay/razorpay-mcp-server/pkg/razorpay/qr_codes.go:489.3,493.17 3 1
github.com/razorpay/razorpay-mcp-server/pkg/razorpay/qr_codes.go:493.17,496.4 1 0
github.com/razorpay/razorpay-mcp-server/pkg/razorpay/qr_codes.go:498.3,498.41 1 1
github.com/razorpay/razorpay-mcp-server/pkg/razorpay/qr_codes.go:501.2,506.3 1 2
github.com/razorpay/razorpay-mcp-server/pkg/razorpay/refunds.go:17.14,53.31 2 4
github.com/razorpay/razorpay-mcp-server/pkg/razorpay/refunds.go:53.31,56.17 2 4
github.com/razorpay/razorpay-mcp-server/pkg/razorpay/refunds.go:56.17,58.4 1 0
github.com/razorpay/razorpay-mcp-server/pkg/razorpay/refunds.go:60.3,70.66 4 4
github.com/razorpay/razorpay-mcp-server/pkg/razorpay/refunds.go:70.66,72.4 1 1
github.com/razorpay/razorpay-mcp-server/pkg/razorpay/refunds.go:74.3,77.17 2 3
github.com/razorpay/razorpay-mcp-server/pkg/razorpay/refunds.go:77.17,80.4 1 1
github.com/razorpay/razorpay-mcp-server/pkg/razorpay/refunds.go:82.3,82.41 1 2
github.com/razorpay/razorpay-mcp-server/pkg/razorpay/refunds.go:85.2,92.3 1 4
github.com/razorpay/razorpay-mcp-server/pkg/razorpay/refunds.go:99.14,113.31 2 4
github.com/razorpay/razorpay-mcp-server/pkg/razorpay/refunds.go:113.31,116.17 2 4
github.com/razorpay/razorpay-mcp-server/pkg/razorpay/refunds.go:116.17,118.4 1 0
github.com/razorpay/razorpay-mcp-server/pkg/razorpay/refunds.go:120.3,125.66 3 4
github.com/razorpay/razorpay-mcp-server/pkg/razorpay/refunds.go:125.66,127.4 1 2
github.com/razorpay/razorpay-mcp-server/pkg/razorpay/refunds.go:129.3,130.17 2 2
github.com/razorpay/razorpay-mcp-server/pkg/razorpay/refunds.go:130.17,133.4 1 1
github.com/razorpay/razorpay-mcp-server/pkg/razorpay/refunds.go:135.3,135.41 1 1
github.com/razorpay/razorpay-mcp-server/pkg/razorpay/refunds.go:138.2,143.3 1 4
github.com/razorpay/razorpay-mcp-server/pkg/razorpay/refunds.go:150.14,170.31 2 5
github.com/razorpay/razorpay-mcp-server/pkg/razorpay/refunds.go:170.31,173.17 2 5
github.com/razorpay/razorpay-mcp-server/pkg/razorpay/refunds.go:173.17,175.4 1 0
github.com/razorpay/razorpay-mcp-server/pkg/razorpay/refunds.go:177.3,184.66 4 5
github.com/razorpay/razorpay-mcp-server/pkg/razorpay/refunds.go:184.66,186.4 1 3
github.com/razorpay/razorpay-mcp-server/pkg/razorpay/refunds.go:188.3,189.17 2 2
github.com/razorpay/razorpay-mcp-server/pkg/razorpay/refunds.go:189.17,192.4 1 1
github.com/razorpay/razorpay-mcp-server/pkg/razorpay/refunds.go:194.3,194.41 1 1
github.com/razorpay/razorpay-mcp-server/pkg/razorpay/refunds.go:197.2,203.3 1 5
github.com/razorpay/razorpay-mcp-server/pkg/razorpay/refunds.go:211.14,240.31 2 4
github.com/razorpay/razorpay-mcp-server/pkg/razorpay/refunds.go:240.31,242.17 2 4
github.com/razorpay/razorpay-mcp-server/pkg/razorpay/refunds.go:242.17,244.4 1 0
github.com/razorpay/razorpay-mcp-server/pkg/razorpay/refunds.go:246.3,255.66 4 4
github.com/razorpay/razorpay-mcp-server/pkg/razorpay/refunds.go:255.66,257.4 1 2
github.com/razorpay/razorpay-mcp-server/pkg/razorpay/refunds.go:259.3,261.17 2 2
github.com/razorpay/razorpay-mcp-server/pkg/razorpay/refunds.go:261.17,265.4 1 1
github.com/razorpay/razorpay-mcp-server/pkg/razorpay/refunds.go:267.3,267.42 1 1
github.com/razorpay/razorpay-mcp-server/pkg/razorpay/refunds.go:270.2,276.3 1 4
github.com/razorpay/razorpay-mcp-server/pkg/razorpay/refunds.go:284.14,303.31 2 5
github.com/razorpay/razorpay-mcp-server/pkg/razorpay/refunds.go:303.31,305.17 2 5
github.com/razorpay/razorpay-mcp-server/pkg/razorpay/refunds.go:305.17,307.4 1 0
github.com/razorpay/razorpay-mcp-server/pkg/razorpay/refunds.go:309.3,315.66 3 5
github.com/razorpay/razorpay-mcp-server/pkg/razorpay/refunds.go:315.66,317.4 1 3
github.com/razorpay/razorpay-mcp-server/pkg/razorpay/refunds.go:319.3,323.17 2 2
github.com/razorpay/razorpay-mcp-server/pkg/razorpay/refunds.go:323.17,327.4 1 1
github.com/razorpay/razorpay-mcp-server/pkg/razorpay/refunds.go:329.3,329.41 1 1
github.com/razorpay/razorpay-mcp-server/pkg/razorpay/refunds.go:332.2,337.3 1 5
github.com/razorpay/razorpay-mcp-server/pkg/razorpay/refunds.go:345.14,369.31 2 3
github.com/razorpay/razorpay-mcp-server/pkg/razorpay/refunds.go:369.31,371.17 2 3
github.com/razorpay/razorpay-mcp-server/pkg/razorpay/refunds.go:371.17,373.4 1 0
github.com/razorpay/razorpay-mcp-server/pkg/razorpay/refunds.go:375.3,382.66 3 3
github.com/razorpay/razorpay-mcp-server/pkg/razorpay/refunds.go:382.66,384.4 1 1
github.com/razorpay/razorpay-mcp-server/pkg/razorpay/refunds.go:386.3,387.17 2 2
github.com/razorpay/razorpay-mcp-server/pkg/razorpay/refunds.go:387.17,390.4 1 1
github.com/razorpay/razorpay-mcp-server/pkg/razorpay/refunds.go:392.3,392.42 1 1
github.com/razorpay/razorpay-mcp-server/pkg/razorpay/refunds.go:395.2,401.3 1 3
github.com/razorpay/razorpay-mcp-server/pkg/razorpay/server.go:20.25,22.16 1 0
github.com/razorpay/razorpay-mcp-server/pkg/razorpay/server.go:22.16,24.3 1 0
github.com/razorpay/razorpay-mcp-server/pkg/razorpay/server.go:25.2,25.19 1 0
github.com/razorpay/razorpay-mcp-server/pkg/razorpay/server.go:25.19,27.3 1 0
github.com/razorpay/razorpay-mcp-server/pkg/razorpay/server.go:30.2,44.16 5 0
github.com/razorpay/razorpay-mcp-server/pkg/razorpay/server.go:44.16,46.3 1 0
github.com/razorpay/razorpay-mcp-server/pkg/razorpay/server.go:47.2,49.20 2 0
github.com/razorpay/razorpay-mcp-server/pkg/razorpay/server.go:57.27,58.26 1 182
github.com/razorpay/razorpay-mcp-server/pkg/razorpay/server.go:58.26,60.3 1 180
github.com/razorpay/razorpay-mcp-server/pkg/razorpay/server.go:62.2,63.28 2 2
github.com/razorpay/razorpay-mcp-server/pkg/razorpay/server.go:63.28,65.3 1 1
github.com/razorpay/razorpay-mcp-server/pkg/razorpay/server.go:67.2,68.9 2 1
github.com/razorpay/razorpay-mcp-server/pkg/razorpay/server.go:68.9,70.3 1 1
github.com/razorpay/razorpay-mcp-server/pkg/razorpay/server.go:72.2,72.20 1 0
github.com/razorpay/razorpay-mcp-server/pkg/razorpay/settlements.go:17.14,30.31 2 3
github.com/razorpay/razorpay-mcp-server/pkg/razorpay/settlements.go:30.31,32.17 2 3
github.com/razorpay/razorpay-mcp-server/pkg/razorpay/settlements.go:32.17,34.4 1 0
github.com/razorpay/razorpay-mcp-server/pkg/razorpay/settlements.go:37.3,43.66 3 3
github.com/razorpay/razorpay-mcp-server/pkg/razorpay/settlements.go:43.66,45.4 1 1
github.com/razorpay/razorpay-mcp-server/pkg/razorpay/settlements.go:47.3,49.17 3 2
github.com/razorpay/razorpay-mcp-server/pkg/razorpay/settlements.go:49.17,52.4 1 1
github.com/razorpay/razorpay-mcp-server/pkg/razorpay/settlements.go:54.3,54.45 1 1
github.com/razorpay/razorpay-mcp-server/pkg/razorpay/settlements.go:57.2,62.3 1 3
github.com/razorpay/razorpay-mcp-server/pkg/razorpay/settlements.go:70.14,103.31 2 4
github.com/razorpay/razorpay-mcp-server/pkg/razorpay/settlements.go:103.31,105.17 2 4
github.com/razorpay/razorpay-mcp-server/pkg/razorpay/settlements.go:105.17,107.4 1 0
github.com/razorpay/razorpay-mcp-server/pkg/razorpay/settlements.go:110.3,119.66 3 4
github.com/razorpay/razorpay-mcp-server/pkg/razorpay/settlements.go:119.66,121.4 1 2
github.com/razorpay/razorpay-mcp-server/pkg/razorpay/settlements.go:123.3,124.17 2 2
github.com/razorpay/razorpay-mcp-server/pkg/razorpay/settlements.go:124.17,128.4 1 0
github.com/razorpay/razorpay-mcp-server/pkg/razorpay/settlements.go:130.3,130.41 1 2
github.com/razorpay/razorpay-mcp-server/pkg/razorpay/settlements.go:133.2,138.3 1 4
github.com/razorpay/razorpay-mcp-server/pkg/razorpay/settlements.go:146.14,179.31 2 4
github.com/razorpay/razorpay-mcp-server/pkg/razorpay/settlements.go:179.31,181.17 2 4
github.com/razorpay/razorpay-mcp-server/pkg/razorpay/settlements.go:181.17,183.4 1 0
github.com/razorpay/razorpay-mcp-server/pkg/razorpay/settlements.go:186.3,194.66 3 4
github.com/razorpay/razorpay-mcp-server/pkg/razorpay/settlements.go:194.66,196.4 1 0
github.com/razorpay/razorpay-mcp-server/pkg/razorpay/settlements.go:199.3,200.17 2 4
github.com/razorpay/razorpay-mcp-server/pkg/razorpay/settlements.go:200.17,203.4 1 1
github.com/razorpay/razorpay-mcp-server/pkg/razorpay/settlements.go:205.3,205.46 1 3
github.com/razorpay/razorpay-mcp-server/pkg/razorpay/settlements.go:208.2,213.3 1 4
github.com/razorpay/razorpay-mcp-server/pkg/razorpay/settlements.go:220.14,252.31 2 4
github.com/razorpay/razorpay-mcp-server/pkg/razorpay/settlements.go:252.31,254.17 2 4
github.com/razorpay/razorpay-mcp-server/pkg/razorpay/settlements.go:254.17,256.4 1 0
github.com/razorpay/razorpay-mcp-server/pkg/razorpay/settlements.go:259.3,268.66 3 4
github.com/razorpay/razorpay-mcp-server/pkg/razorpay/settlements.go:268.66,270.4 1 1
github.com/razorpay/razorpay-mcp-server/pkg/razorpay/settlements.go:273.3,275.17 2 3
github.com/razorpay/razorpay-mcp-server/pkg/razorpay/settlements.go:275.17,279.4 1 1
github.com/razorpay/razorpay-mcp-server/pkg/razorpay/settlements.go:281.3,281.45 1 2
github.com/razorpay/razorpay-mcp-server/pkg/razorpay/settlements.go:284.2,289.3 1 4
github.com/razorpay/razorpay-mcp-server/pkg/razorpay/settlements.go:297.14,337.31 2 5
github.com/razorpay/razorpay-mcp-server/pkg/razorpay/settlements.go:337.31,339.17 2 5
github.com/razorpay/razorpay-mcp-server/pkg/razorpay/settlements.go:339.17,341.4 1 0
github.com/razorpay/razorpay-mcp-server/pkg/razorpay/settlements.go:344.3,353.66 3 5
github.com/razorpay/razorpay-mcp-server/pkg/razorpay/settlements.go:353.66,355.4 1 0
github.com/razorpay/razorpay-mcp-server/pkg/razorpay/settlements.go:358.3,359.17 2 5
github.com/razorpay/razorpay-mcp-server/pkg/razorpay/settlements.go:359.17,362.4 1 1
github.com/razorpay/razorpay-mcp-server/pkg/razorpay/settlements.go:364.3,364.46 1 4
github.com/razorpay/razorpay-mcp-server/pkg/razorpay/settlements.go:367.2,372.3 1 5
github.com/razorpay/razorpay-mcp-server/pkg/razorpay/settlements.go:379.14,392.31 2 3
github.com/razorpay/razorpay-mcp-server/pkg/razorpay/settlements.go:392.31,394.17 2 3
github.com/razorpay/razorpay-mcp-server/pkg/razorpay/settlements.go:394.17,396.4 1 0
github.com/razorpay/razorpay-mcp-server/pkg/razorpay/settlements.go:399.3,405.66 3 3
github.com/razorpay/razorpay-mcp-server/pkg/razorpay/settlements.go:405.66,407.4 1 1
github.com/razorpay/razorpay-mcp-server/pkg/razorpay/settlements.go:409.3,414.17 3 2
github.com/razorpay/razorpay-mcp-server/pkg/razorpay/settlements.go:414.17,417.4 1 1
github.com/razorpay/razorpay-mcp-server/pkg/razorpay/settlements.go:419.3,419.45 1 1
github.com/razorpay/razorpay-mcp-server/pkg/razorpay/settlements.go:422.2,427.3 1 3
github.com/razorpay/razorpay-mcp-server/pkg/razorpay/test_helpers.go:31.61,39.2 2 183
github.com/razorpay/razorpay-mcp-server/pkg/razorpay/test_helpers.go:42.55,46.2 1 182
github.com/razorpay/razorpay-mcp-server/pkg/razorpay/test_helpers.go:53.38,57.27 3 182
github.com/razorpay/razorpay-mcp-server/pkg/razorpay/test_helpers.go:57.27,66.3 5 110
github.com/razorpay/razorpay-mcp-server/pkg/razorpay/test_helpers.go:68.2,68.34 1 182
github.com/razorpay/razorpay-mcp-server/pkg/razorpay/test_helpers.go:77.3,79.23 2 182
github.com/razorpay/razorpay-mcp-server/pkg/razorpay/test_helpers.go:79.23,81.3 1 110
github.com/razorpay/razorpay-mcp-server/pkg/razorpay/test_helpers.go:83.2,91.20 6 182
github.com/razorpay/razorpay-mcp-server/pkg/razorpay/test_helpers.go:91.20,95.3 3 117
github.com/razorpay/razorpay-mcp-server/pkg/razorpay/test_helpers.go:97.2,103.69 5 65
github.com/razorpay/razorpay-mcp-server/pkg/razorpay/test_helpers.go:103.69,105.3 1 0
github.com/razorpay/razorpay-mcp-server/pkg/razorpay/tokens.go:19.14,33.31 2 11
github.com/razorpay/razorpay-mcp-server/pkg/razorpay/tokens.go:33.31,36.17 2 11
github.com/razorpay/razorpay-mcp-server/pkg/razorpay/tokens.go:36.17,38.4 1 2
github.com/razorpay/razorpay-mcp-server/pkg/razorpay/tokens.go:40.3,44.17 3 9
github.com/razorpay/razorpay-mcp-server/pkg/razorpay/tokens.go:44.17,46.4 1 2
github.com/razorpay/razorpay-mcp-server/pkg/razorpay/tokens.go:46.9,46.56 1 7
github.com/razorpay/razorpay-mcp-server/pkg/razorpay/tokens.go:46.56,49.4 1 1
github.com/razorpay/razorpay-mcp-server/pkg/razorpay/tokens.go:50.3,50.66 1 9
github.com/razorpay/razorpay-mcp-server/pkg/razorpay/tokens.go:50.66,52.4 1 3
github.com/razorpay/razorpay-mcp-server/pkg/razorpay/tokens.go:53.3,61.17 4 6
github.com/razorpay/razorpay-mcp-server/pkg/razorpay/tokens.go:61.17,66.4 1 1
github.com/razorpay/razorpay-mcp-server/pkg/razorpay/tokens.go:68.3,69.10 2 5
github.com/razorpay/razorpay-mcp-server/pkg/razorpay/tokens.go:69.10,71.4 1 1
github.com/razorpay/razorpay-mcp-server/pkg/razorpay/tokens.go:73.3,78.17 3 4
github.com/razorpay/razorpay-mcp-server/pkg/razorpay/tokens.go:78.17,85.4 1 1
github.com/razorpay/razorpay-mcp-server/pkg/razorpay/tokens.go:87.3,91.41 2 3
github.com/razorpay/razorpay-mcp-server/pkg/razorpay/tokens.go:94.2,106.3 1 11
github.com/razorpay/razorpay-mcp-server/pkg/razorpay/tools.go:15.35,116.69 17 0
github.com/razorpay/razorpay-mcp-server/pkg/razorpay/tools.go:116.69,118.3 1 0
github.com/razorpay/razorpay-mcp-server/pkg/razorpay/tools.go:120.2,120.26 1 0
github.com/razorpay/razorpay-mcp-server/pkg/razorpay/tools_params.go:19.56,24.2 1 228
github.com/razorpay/razorpay-mcp-server/pkg/razorpay/tools_params.go:27.52,28.16 1 116
github.com/razorpay/razorpay-mcp-server/pkg/razorpay/tools_params.go:28.16,30.3 1 116
github.com/razorpay/razorpay-mcp-server/pkg/razorpay/tools_params.go:31.2,31.10 1 116
github.com/razorpay/razorpay-mcp-server/pkg/razorpay/tools_params.go:35.38,37.2 1 228
github.com/razorpay/razorpay-mcp-server/pkg/razorpay/tools_params.go:40.68,41.19 1 182
github.com/razorpay/razorpay-mcp-server/pkg/razorpay/tools_params.go:41.19,43.32 2 72
github.com/razorpay/razorpay-mcp-server/pkg/razorpay/tools_params.go:43.32,45.4 1 107
github.com/razorpay/razorpay-mcp-server/pkg/razorpay/tools_params.go:46.3,47.49 2 72
github.com/razorpay/razorpay-mcp-server/pkg/razorpay/tools_params.go:49.2,49.17 1 110
github.com/razorpay/razorpay-mcp-server/pkg/razorpay/tools_params.go:58.15,61.9 2 783
github.com/razorpay/razorpay-mcp-server/pkg/razorpay/tools_params.go:61.9,63.3 1 0
github.com/razorpay/razorpay-mcp-server/pkg/razorpay/tools_params.go:65.2,66.23 2 783
github.com/razorpay/razorpay-mcp-server/pkg/razorpay/tools_params.go:66.23,67.15 1 432
github.com/razorpay/razorpay-mcp-server/pkg/razorpay/tools_params.go:67.15,69.4 1 72
github.com/razorpay/razorpay-mcp-server/pkg/razorpay/tools_params.go:70.3,70.18 1 360
github.com/razorpay/razorpay-mcp-server/pkg/razorpay/tools_params.go:73.2,75.16 3 351
github.com/razorpay/razorpay-mcp-server/pkg/razorpay/tools_params.go:75.16,77.3 1 0
github.com/razorpay/razorpay-mcp-server/pkg/razorpay/tools_params.go:79.2,80.16 2 351
github.com/razorpay/razorpay-mcp-server/pkg/razorpay/tools_params.go:80.16,82.3 1 43
github.com/razorpay/razorpay-mcp-server/pkg/razorpay/tools_params.go:84.2,84.21 1 308
github.com/razorpay/razorpay-mcp-server/pkg/razorpay/tools_params.go:94.14,96.16 2 244
github.com/razorpay/razorpay-mcp-server/pkg/razorpay/tools_params.go:96.16,98.3 1 81
github.com/razorpay/razorpay-mcp-server/pkg/razorpay/tools_params.go:100.2,100.18 1 163
github.com/razorpay/razorpay-mcp-server/pkg/razorpay/tools_params.go:100.18,102.3 1 0
github.com/razorpay/razorpay-mcp-server/pkg/razorpay/tools_params.go:104.2,105.10 2 163
github.com/razorpay/razorpay-mcp-server/pkg/razorpay/tools_params.go:114.14,116.16 2 395
github.com/razorpay/razorpay-mcp-server/pkg/razorpay/tools_params.go:116.16,118.3 1 25
github.com/razorpay/razorpay-mcp-server/pkg/razorpay/tools_params.go:120.2,120.18 1 370
github.com/razorpay/razorpay-mcp-server/pkg/razorpay/tools_params.go:120.18,122.3 1 270
github.com/razorpay/razorpay-mcp-server/pkg/razorpay/tools_params.go:124.2,126.10 2 100
github.com/razorpay/razorpay-mcp-server/pkg/razorpay/tools_params.go:136.14,138.16 2 40
github.com/razorpay/razorpay-mcp-server/pkg/razorpay/tools_params.go:138.16,140.3 1 3
github.com/razorpay/razorpay-mcp-server/pkg/razorpay/tools_params.go:142.2,142.18 1 37
github.com/razorpay/razorpay-mcp-server/pkg/razorpay/tools_params.go:142.18,144.3 1 26
github.com/razorpay/razorpay-mcp-server/pkg/razorpay/tools_params.go:146.2,148.10 2 11
github.com/razorpay/razorpay-mcp-server/pkg/razorpay/tools_params.go:156.14,158.2 1 36
github.com/razorpay/razorpay-mcp-server/pkg/razorpay/tools_params.go:166.14,169.16 2 27
github.com/razorpay/razorpay-mcp-server/pkg/razorpay/tools_params.go:169.16,171.3 1 1
github.com/razorpay/razorpay-mcp-server/pkg/razorpay/tools_params.go:173.2,173.18 1 26
github.com/razorpay/razorpay-mcp-server/pkg/razorpay/tools_params.go:173.18,175.3 1 18
github.com/razorpay/razorpay-mcp-server/pkg/razorpay/tools_params.go:177.2,178.10 2 8
github.com/razorpay/razorpay-mcp-server/pkg/razorpay/tools_params.go:186.14,188.2 1 4
github.com/razorpay/razorpay-mcp-server/pkg/razorpay/tools_params.go:196.14,198.2 1 178
github.com/razorpay/razorpay-mcp-server/pkg/razorpay/tools_params.go:204.14,206.2 1 123
github.com/razorpay/razorpay-mcp-server/pkg/razorpay/tools_params.go:212.14,214.2 1 15
github.com/razorpay/razorpay-mcp-server/pkg/razorpay/tools_params.go:220.14,222.2 1 38
github.com/razorpay/razorpay-mcp-server/pkg/razorpay/tools_params.go:228.14,230.2 1 1
github.com/razorpay/razorpay-mcp-server/pkg/razorpay/tools_params.go:236.14,238.2 1 7
github.com/razorpay/razorpay-mcp-server/pkg/razorpay/tools_params.go:244.14,247.2 1 44
github.com/razorpay/razorpay-mcp-server/pkg/razorpay/tools_params.go:252.14,254.16 2 15
github.com/razorpay/razorpay-mcp-server/pkg/razorpay/tools_params.go:254.16,256.3 1 2
github.com/razorpay/razorpay-mcp-server/pkg/razorpay/tools_params.go:258.2,258.19 1 13
github.com/razorpay/razorpay-mcp-server/pkg/razorpay/tools_params.go:258.19,260.3 1 9
github.com/razorpay/razorpay-mcp-server/pkg/razorpay/tools_params.go:262.2,262.22 1 4
github.com/razorpay/razorpay-mcp-server/pkg/razorpay/tools_params.go:262.22,263.31 1 3
github.com/razorpay/razorpay-mcp-server/pkg/razorpay/tools_params.go:263.31,265.4 1 3
github.com/razorpay/razorpay-mcp-server/pkg/razorpay/tools_params.go:267.2,267.10 1 4
github.com/razorpay/razorpay-mcp-server/pkg/razorpay/tools_params.go:274.14,276.2 1 38
github.com/razorpay/razorpay-mcp-server/pkg/razorpay/tools_params.go:282.14,284.2 1 207
github.com/razorpay/razorpay-mcp-server/pkg/razorpay/tools_params.go:290.14,292.2 1 10
github.com/razorpay/razorpay-mcp-server/pkg/razorpay/tools_params.go:298.14,300.2 1 20
github.com/razorpay/razorpay-mcp-server/pkg/razorpay/tools_params.go:306.14,308.2 1 2
github.com/razorpay/razorpay-mcp-server/pkg/razorpay/tools_params.go:316.14,319.16 2 53
github.com/razorpay/razorpay-mcp-server/pkg/razorpay/tools_params.go:319.16,321.3 1 1
github.com/razorpay/razorpay-mcp-server/pkg/razorpay/tools_params.go:323.2,323.18 1 52
github.com/razorpay/razorpay-mcp-server/pkg/razorpay/tools_params.go:323.18,325.3 1 37
github.com/razorpay/razorpay-mcp-server/pkg/razorpay/tools_params.go:327.2,328.10 2 15
github.com/razorpay/razorpay-mcp-server/pkg/razorpay/mock/server.go:23.36,27.2 3 1
github.com/razorpay/razorpay-mcp-server/pkg/razorpay/mock/server.go:30.56,33.37 2 7
github.com/razorpay/razorpay-mcp-server/pkg/razorpay/mock/server.go:33.37,38.72 4 7
github.com/razorpay/razorpay-mcp-server/pkg/razorpay/mock/server.go:38.72,41.60 2 7
github.com/razorpay/razorpay-mcp-server/pkg/razorpay/mock/server.go:41.60,42.50 1 5
github.com/razorpay/razorpay-mcp-server/pkg/razorpay/mock/server.go:42.50,44.6 1 1
github.com/razorpay/razorpay-mcp-server/pkg/razorpay/mock/server.go:44.11,46.6 1 4
github.com/razorpay/razorpay-mcp-server/pkg/razorpay/mock/server.go:47.10,49.5 1 2
github.com/razorpay/razorpay-mcp-server/pkg/razorpay/mock/server.go:51.4,51.35 1 7
github.com/razorpay/razorpay-mcp-server/pkg/razorpay/mock/server.go:52.16,54.19 2 1
github.com/razorpay/razorpay-mcp-server/pkg/razorpay/mock/server.go:54.19,56.6 1 0
github.com/razorpay/razorpay-mcp-server/pkg/razorpay/mock/server.go:57.16,59.19 2 1
github.com/razorpay/razorpay-mcp-server/pkg/razorpay/mock/server.go:59.19,61.6 1 0
github.com/razorpay/razorpay-mcp-server/pkg/razorpay/mock/server.go:62.12,64.19 2 5
github.com/razorpay/razorpay-mcp-server/pkg/razorpay/mock/server.go:64.19,66.6 1 0
github.com/razorpay/razorpay-mcp-server/pkg/razorpay/mock/server.go:71.2,72.48 1 7
github.com/razorpay/razorpay-mcp-server/pkg/razorpay/mock/server.go:72.48,82.4 3 1
github.com/razorpay/razorpay-mcp-server/pkg/razorpay/mock/server.go:84.2,84.35 1 7
