mode: set
github.com/razorpay/razorpay-mcp-server/pkg/razorpay/integrations/backend_go.go:8.78,143.2 3 1
github.com/razorpay/razorpay-mcp-server/pkg/razorpay/integrations/backend_go.go:149.79,268.2 3 1
github.com/razorpay/razorpay-mcp-server/pkg/razorpay/integrations/backend_go.go:270.80,388.2 3 1
github.com/razorpay/razorpay-mcp-server/pkg/razorpay/integrations/backend_java.go:8.81,155.2 3 1
github.com/razorpay/razorpay-mcp-server/pkg/razorpay/integrations/backend_java.go:161.85,328.2 5 1
github.com/razorpay/razorpay-mcp-server/pkg/razorpay/integrations/backend_node.go:8.106,10.30 2 1
github.com/razorpay/razorpay-mcp-server/pkg/razorpay/integrations/backend_node.go:10.30,12.3 1 1
github.com/razorpay/razorpay-mcp-server/pkg/razorpay/integrations/backend_node.go:14.2,348.3 5 1
github.com/razorpay/razorpay-mcp-server/pkg/razorpay/integrations/backend_node.go:355.73,574.2 5 1
github.com/razorpay/razorpay-mcp-server/pkg/razorpay/integrations/backend_node.go:580.99,688.2 3 1
github.com/razorpay/razorpay-mcp-server/pkg/razorpay/integrations/backend_node.go:690.95,814.2 3 1
github.com/razorpay/razorpay-mcp-server/pkg/razorpay/integrations/backend_node.go:816.66,943.2 5 1
github.com/razorpay/razorpay-mcp-server/pkg/razorpay/integrations/backend_other.go:8.82,129.2 4 1
github.com/razorpay/razorpay-mcp-server/pkg/razorpay/integrations/backend_other.go:135.80,244.2 4 1
github.com/razorpay/razorpay-mcp-server/pkg/razorpay/integrations/backend_other.go:250.80,404.2 3 1
github.com/razorpay/razorpay-mcp-server/pkg/razorpay/integrations/backend_other.go:410.81,536.2 3 1
github.com/razorpay/razorpay-mcp-server/pkg/razorpay/integrations/backend_python.go:4.81,287.2 5 1
github.com/razorpay/razorpay-mcp-server/pkg/razorpay/integrations/backend_python.go:289.80,426.2 3 1
github.com/razorpay/razorpay-mcp-server/pkg/razorpay/integrations/backend_python.go:428.82,559.2 3 1
github.com/razorpay/razorpay-mcp-server/pkg/razorpay/integrations/checkout_tool.go:19.14,44.31 2 1
github.com/razorpay/razorpay-mcp-server/pkg/razorpay/integrations/checkout_tool.go:44.31,46.10 2 1
github.com/razorpay/razorpay-mcp-server/pkg/razorpay/integrations/checkout_tool.go:46.10,48.4 1 1
github.com/razorpay/razorpay-mcp-server/pkg/razorpay/integrations/checkout_tool.go:50.3,55.71 4 1
github.com/razorpay/razorpay-mcp-server/pkg/razorpay/integrations/checkout_tool.go:55.71,57.4 1 1
github.com/razorpay/razorpay-mcp-server/pkg/razorpay/integrations/checkout_tool.go:59.3,63.27 3 1
github.com/razorpay/razorpay-mcp-server/pkg/razorpay/integrations/checkout_tool.go:64.17,65.47 1 1
github.com/razorpay/razorpay-mcp-server/pkg/razorpay/integrations/checkout_tool.go:66.16,67.46 1 1
github.com/razorpay/razorpay-mcp-server/pkg/razorpay/integrations/checkout_tool.go:68.18,69.48 1 1
github.com/razorpay/razorpay-mcp-server/pkg/razorpay/integrations/checkout_tool.go:70.14,71.44 1 1
github.com/razorpay/razorpay-mcp-server/pkg/razorpay/integrations/checkout_tool.go:72.15,73.45 1 1
github.com/razorpay/razorpay-mcp-server/pkg/razorpay/integrations/checkout_tool.go:74.16,75.46 1 1
github.com/razorpay/razorpay-mcp-server/pkg/razorpay/integrations/checkout_tool.go:76.17,77.48 1 1
github.com/razorpay/razorpay-mcp-server/pkg/razorpay/integrations/checkout_tool.go:78.15,79.41 1 1
github.com/razorpay/razorpay-mcp-server/pkg/razorpay/integrations/checkout_tool.go:80.18,81.58 1 1
github.com/razorpay/razorpay-mcp-server/pkg/razorpay/integrations/checkout_tool.go:82.14,83.54 1 1
github.com/razorpay/razorpay-mcp-server/pkg/razorpay/integrations/checkout_tool.go:84.17,85.47 1 1
github.com/razorpay/razorpay-mcp-server/pkg/razorpay/integrations/checkout_tool.go:86.22,87.51 1 1
github.com/razorpay/razorpay-mcp-server/pkg/razorpay/integrations/checkout_tool.go:88.18,89.48 1 1
github.com/razorpay/razorpay-mcp-server/pkg/razorpay/integrations/checkout_tool.go:90.16,91.46 1 1
github.com/razorpay/razorpay-mcp-server/pkg/razorpay/integrations/checkout_tool.go:92.16,93.46 1 1
github.com/razorpay/razorpay-mcp-server/pkg/razorpay/integrations/checkout_tool.go:94.17,95.47 1 1
github.com/razorpay/razorpay-mcp-server/pkg/razorpay/integrations/checkout_tool.go:96.23,97.40 1 1
github.com/razorpay/razorpay-mcp-server/pkg/razorpay/integrations/checkout_tool.go:98.18,99.36 1 1
github.com/razorpay/razorpay-mcp-server/pkg/razorpay/integrations/checkout_tool.go:100.18,101.36 1 1
github.com/razorpay/razorpay-mcp-server/pkg/razorpay/integrations/checkout_tool.go:102.14,103.32 1 1
github.com/razorpay/razorpay-mcp-server/pkg/razorpay/integrations/checkout_tool.go:104.18,105.36 1 1
github.com/razorpay/razorpay-mcp-server/pkg/razorpay/integrations/checkout_tool.go:106.16,107.34 1 1
github.com/razorpay/razorpay-mcp-server/pkg/razorpay/integrations/checkout_tool.go:108.20,109.38 1 1
github.com/razorpay/razorpay-mcp-server/pkg/razorpay/integrations/checkout_tool.go:110.11,111.65 1 1
github.com/razorpay/razorpay-mcp-server/pkg/razorpay/integrations/checkout_tool.go:114.3,117.41 3 1
github.com/razorpay/razorpay-mcp-server/pkg/razorpay/integrations/checkout_tool.go:120.2,129.3 1 1
github.com/razorpay/razorpay-mcp-server/pkg/razorpay/integrations/detect_stack_tool.go:17.14,66.31 2 1
github.com/razorpay/razorpay-mcp-server/pkg/razorpay/integrations/detect_stack_tool.go:66.31,68.10 2 1
github.com/razorpay/razorpay-mcp-server/pkg/razorpay/integrations/detect_stack_tool.go:68.10,70.4 1 1
github.com/razorpay/razorpay-mcp-server/pkg/razorpay/integrations/detect_stack_tool.go:72.3,73.41 2 1
github.com/razorpay/razorpay-mcp-server/pkg/razorpay/integrations/detect_stack_tool.go:76.2,89.3 1 1
github.com/razorpay/razorpay-mcp-server/pkg/razorpay/integrations/detect_stack_tool.go:97.72,99.48 2 1
github.com/razorpay/razorpay-mcp-server/pkg/razorpay/integrations/detect_stack_tool.go:99.48,100.23 1 1
github.com/razorpay/razorpay-mcp-server/pkg/razorpay/integrations/detect_stack_tool.go:100.23,101.31 1 1
github.com/razorpay/razorpay-mcp-server/pkg/razorpay/integrations/detect_stack_tool.go:101.31,103.5 1 1
github.com/razorpay/razorpay-mcp-server/pkg/razorpay/integrations/detect_stack_tool.go:107.2,115.64 6 1
github.com/razorpay/razorpay-mcp-server/pkg/razorpay/integrations/detect_stack_tool.go:115.64,124.3 1 1
github.com/razorpay/razorpay-mcp-server/pkg/razorpay/integrations/detect_stack_tool.go:127.2,127.52 1 1
github.com/razorpay/razorpay-mcp-server/pkg/razorpay/integrations/detect_stack_tool.go:127.52,130.50 2 1
github.com/razorpay/razorpay-mcp-server/pkg/razorpay/integrations/detect_stack_tool.go:130.50,132.4 1 1
github.com/razorpay/razorpay-mcp-server/pkg/razorpay/integrations/detect_stack_tool.go:132.9,132.57 1 1
github.com/razorpay/razorpay-mcp-server/pkg/razorpay/integrations/detect_stack_tool.go:132.57,134.4 1 1
github.com/razorpay/razorpay-mcp-server/pkg/razorpay/integrations/detect_stack_tool.go:136.3,143.4 1 1
github.com/razorpay/razorpay-mcp-server/pkg/razorpay/integrations/detect_stack_tool.go:147.2,147.41 1 1
github.com/razorpay/razorpay-mcp-server/pkg/razorpay/integrations/detect_stack_tool.go:147.41,157.3 2 1
github.com/razorpay/razorpay-mcp-server/pkg/razorpay/integrations/detect_stack_tool.go:160.2,160.79 1 1
github.com/razorpay/razorpay-mcp-server/pkg/razorpay/integrations/detect_stack_tool.go:160.79,169.3 1 1
github.com/razorpay/razorpay-mcp-server/pkg/razorpay/integrations/detect_stack_tool.go:172.2,172.44 1 1
github.com/razorpay/razorpay-mcp-server/pkg/razorpay/integrations/detect_stack_tool.go:172.44,174.37 2 1
github.com/razorpay/razorpay-mcp-server/pkg/razorpay/integrations/detect_stack_tool.go:174.37,176.4 1 1
github.com/razorpay/razorpay-mcp-server/pkg/razorpay/integrations/detect_stack_tool.go:177.3,184.4 1 1
github.com/razorpay/razorpay-mcp-server/pkg/razorpay/integrations/detect_stack_tool.go:188.2,188.38 1 1
github.com/razorpay/razorpay-mcp-server/pkg/razorpay/integrations/detect_stack_tool.go:188.38,190.46 2 1
github.com/razorpay/razorpay-mcp-server/pkg/razorpay/integrations/detect_stack_tool.go:190.46,192.4 1 1
github.com/razorpay/razorpay-mcp-server/pkg/razorpay/integrations/detect_stack_tool.go:193.3,200.4 1 1
github.com/razorpay/razorpay-mcp-server/pkg/razorpay/integrations/detect_stack_tool.go:204.2,204.71 1 1
github.com/razorpay/razorpay-mcp-server/pkg/razorpay/integrations/detect_stack_tool.go:204.71,213.3 1 1
github.com/razorpay/razorpay-mcp-server/pkg/razorpay/integrations/detect_stack_tool.go:216.2,216.115 1 1
github.com/razorpay/razorpay-mcp-server/pkg/razorpay/integrations/detect_stack_tool.go:216.115,219.39 3 1
github.com/razorpay/razorpay-mcp-server/pkg/razorpay/integrations/detect_stack_tool.go:219.39,220.37 1 1
github.com/razorpay/razorpay-mcp-server/pkg/razorpay/integrations/detect_stack_tool.go:220.37,222.10 2 1
github.com/razorpay/razorpay-mcp-server/pkg/razorpay/integrations/detect_stack_tool.go:226.3,226.39 1 1
github.com/razorpay/razorpay-mcp-server/pkg/razorpay/integrations/detect_stack_tool.go:226.39,228.4 1 1
github.com/razorpay/razorpay-mcp-server/pkg/razorpay/integrations/detect_stack_tool.go:229.3,229.62 1 1
github.com/razorpay/razorpay-mcp-server/pkg/razorpay/integrations/detect_stack_tool.go:229.62,231.4 1 1
github.com/razorpay/razorpay-mcp-server/pkg/razorpay/integrations/detect_stack_tool.go:233.3,240.4 1 1
github.com/razorpay/razorpay-mcp-server/pkg/razorpay/integrations/detect_stack_tool.go:244.2,244.61 1 1
github.com/razorpay/razorpay-mcp-server/pkg/razorpay/integrations/detect_stack_tool.go:244.61,246.28 2 1
github.com/razorpay/razorpay-mcp-server/pkg/razorpay/integrations/detect_stack_tool.go:246.28,247.76 1 1
github.com/razorpay/razorpay-mcp-server/pkg/razorpay/integrations/detect_stack_tool.go:247.76,248.22 1 1
github.com/razorpay/razorpay-mcp-server/pkg/razorpay/integrations/detect_stack_tool.go:248.22,250.6 1 1
github.com/razorpay/razorpay-mcp-server/pkg/razorpay/integrations/detect_stack_tool.go:252.4,252.79 1 1
github.com/razorpay/razorpay-mcp-server/pkg/razorpay/integrations/detect_stack_tool.go:252.79,253.22 1 1
github.com/razorpay/razorpay-mcp-server/pkg/razorpay/integrations/detect_stack_tool.go:253.22,255.6 1 1
github.com/razorpay/razorpay-mcp-server/pkg/razorpay/integrations/detect_stack_tool.go:259.3,261.19 3 1
github.com/razorpay/razorpay-mcp-server/pkg/razorpay/integrations/detect_stack_tool.go:261.19,263.4 1 1
github.com/razorpay/razorpay-mcp-server/pkg/razorpay/integrations/detect_stack_tool.go:266.3,268.39 2 1
github.com/razorpay/razorpay-mcp-server/pkg/razorpay/integrations/detect_stack_tool.go:268.39,270.4 1 1
github.com/razorpay/razorpay-mcp-server/pkg/razorpay/integrations/detect_stack_tool.go:270.9,270.51 1 1
github.com/razorpay/razorpay-mcp-server/pkg/razorpay/integrations/detect_stack_tool.go:270.51,272.4 1 1
github.com/razorpay/razorpay-mcp-server/pkg/razorpay/integrations/detect_stack_tool.go:272.9,272.46 1 1
github.com/razorpay/razorpay-mcp-server/pkg/razorpay/integrations/detect_stack_tool.go:272.46,274.4 1 1
github.com/razorpay/razorpay-mcp-server/pkg/razorpay/integrations/detect_stack_tool.go:277.3,287.39 3 1
github.com/razorpay/razorpay-mcp-server/pkg/razorpay/integrations/detect_stack_tool.go:287.39,288.17 1 1
github.com/razorpay/razorpay-mcp-server/pkg/razorpay/integrations/detect_stack_tool.go:288.17,291.10 3 1
github.com/razorpay/razorpay-mcp-server/pkg/razorpay/integrations/detect_stack_tool.go:296.3,306.43 3 1
github.com/razorpay/razorpay-mcp-server/pkg/razorpay/integrations/detect_stack_tool.go:306.43,307.17 1 1
github.com/razorpay/razorpay-mcp-server/pkg/razorpay/integrations/detect_stack_tool.go:307.17,310.10 3 1
github.com/razorpay/razorpay-mcp-server/pkg/razorpay/integrations/detect_stack_tool.go:315.3,315.33 1 1
github.com/razorpay/razorpay-mcp-server/pkg/razorpay/integrations/detect_stack_tool.go:315.33,324.4 1 1
github.com/razorpay/razorpay-mcp-server/pkg/razorpay/integrations/detect_stack_tool.go:327.3,338.4 2 1
github.com/razorpay/razorpay-mcp-server/pkg/razorpay/integrations/detect_stack_tool.go:342.2,349.3 1 1
github.com/razorpay/razorpay-mcp-server/pkg/razorpay/integrations/frontend_templates.go:4.67,5.19 1 1
github.com/razorpay/razorpay-mcp-server/pkg/razorpay/integrations/frontend_templates.go:6.15,7.28 1 1
github.com/razorpay/razorpay-mcp-server/pkg/razorpay/integrations/frontend_templates.go:8.13,9.26 1 1
github.com/razorpay/razorpay-mcp-server/pkg/razorpay/integrations/frontend_templates.go:10.17,11.30 1 1
github.com/razorpay/razorpay-mcp-server/pkg/razorpay/integrations/frontend_templates.go:12.16,13.29 1 1
github.com/razorpay/razorpay-mcp-server/pkg/razorpay/integrations/frontend_templates.go:14.16,21.4 1 1
github.com/razorpay/razorpay-mcp-server/pkg/razorpay/integrations/frontend_templates.go:22.10,23.30 1 1
github.com/razorpay/razorpay-mcp-server/pkg/razorpay/integrations/frontend_templates.go:27.47,86.2 2 1
github.com/razorpay/razorpay-mcp-server/pkg/razorpay/integrations/frontend_templates.go:88.45,158.2 2 1
github.com/razorpay/razorpay-mcp-server/pkg/razorpay/integrations/frontend_templates.go:160.43,227.2 2 1
github.com/razorpay/razorpay-mcp-server/pkg/razorpay/integrations/frontend_templates.go:229.47,301.2 2 1
github.com/razorpay/razorpay-mcp-server/pkg/razorpay/integrations/frontend_templates.go:303.46,369.2 2 1
github.com/razorpay/razorpay-mcp-server/pkg/razorpay/integrations/helpers.go:19.27,20.26 1 1
github.com/razorpay/razorpay-mcp-server/pkg/razorpay/integrations/helpers.go:20.26,22.3 1 1
github.com/razorpay/razorpay-mcp-server/pkg/razorpay/integrations/helpers.go:24.2,25.28 2 1
github.com/razorpay/razorpay-mcp-server/pkg/razorpay/integrations/helpers.go:25.28,27.3 1 1
github.com/razorpay/razorpay-mcp-server/pkg/razorpay/integrations/helpers.go:29.2,30.9 2 0
github.com/razorpay/razorpay-mcp-server/pkg/razorpay/integrations/helpers.go:30.9,32.3 1 0
github.com/razorpay/razorpay-mcp-server/pkg/razorpay/integrations/helpers.go:34.2,34.20 1 0
github.com/razorpay/razorpay-mcp-server/pkg/razorpay/integrations/helpers.go:42.36,92.2 1 1
github.com/razorpay/razorpay-mcp-server/pkg/razorpay/integrations/helpers.go:94.42,102.2 1 1
github.com/razorpay/razorpay-mcp-server/pkg/razorpay/integrations/helpers.go:105.40,210.2 1 1
github.com/razorpay/razorpay-mcp-server/pkg/razorpay/integrations/helpers.go:213.73,257.2 1 1
github.com/razorpay/razorpay-mcp-server/pkg/razorpay/integrations/helpers.go:260.57,261.26 1 1
github.com/razorpay/razorpay-mcp-server/pkg/razorpay/integrations/helpers.go:261.26,262.64 1 1
github.com/razorpay/razorpay-mcp-server/pkg/razorpay/integrations/helpers.go:262.64,264.4 1 1
github.com/razorpay/razorpay-mcp-server/pkg/razorpay/integrations/helpers.go:266.2,266.14 1 1
github.com/razorpay/razorpay-mcp-server/pkg/razorpay/integrations/helpers.go:269.53,270.26 1 1
github.com/razorpay/razorpay-mcp-server/pkg/razorpay/integrations/helpers.go:270.26,271.37 1 1
github.com/razorpay/razorpay-mcp-server/pkg/razorpay/integrations/helpers.go:271.37,273.4 1 1
github.com/razorpay/razorpay-mcp-server/pkg/razorpay/integrations/helpers.go:275.2,275.14 1 1
github.com/razorpay/razorpay-mcp-server/pkg/razorpay/integrations/helpers.go:278.38,280.2 1 1
github.com/razorpay/razorpay-mcp-server/pkg/razorpay/integrations/helpers.go:282.47,283.43 1 1
github.com/razorpay/razorpay-mcp-server/pkg/razorpay/integrations/helpers.go:283.43,284.35 1 1
github.com/razorpay/razorpay-mcp-server/pkg/razorpay/integrations/helpers.go:284.35,286.4 1 1
github.com/razorpay/razorpay-mcp-server/pkg/razorpay/integrations/helpers.go:288.2,288.14 1 1
github.com/razorpay/razorpay-mcp-server/pkg/razorpay/integrations/mobile.go:8.58,120.2 4 1
github.com/razorpay/razorpay-mcp-server/pkg/razorpay/integrations/mobile.go:122.54,287.2 4 1
github.com/razorpay/razorpay-mcp-server/pkg/razorpay/integrations/mobile.go:297.54,497.2 5 1
github.com/razorpay/razorpay-mcp-server/pkg/razorpay/integrations/mobile.go:503.50,714.2 4 1
github.com/razorpay/razorpay-mcp-server/pkg/razorpay/integrations/mobile.go:720.54,866.2 4 1
github.com/razorpay/razorpay-mcp-server/pkg/razorpay/integrations/mobile.go:872.52,1043.2 4 1
github.com/razorpay/razorpay-mcp-server/pkg/razorpay/integrations/mobile.go:1049.56,1249.2 4 1
